{"C:\\Users\\Mihai\\source\\OOP\\PokerPlanning\\src\\actions\\roomActions.js": {"path":"C:\\Users\\Mihai\\source\\OOP\\PokerPlanning\\src\\actions\\roomActions.js","statementMap":{"0":{"start":{"line":19,"column":2},"end":{"line":28,"column":4}},"1":{"start":{"line":20,"column":4},"end":{"line":23,"column":7}},"2":{"start":{"line":24,"column":4},"end":{"line":27,"column":7}},"3":{"start":{"line":32,"column":2},"end":{"line":35,"column":4}},"4":{"start":{"line":39,"column":2},"end":{"line":39,"column":37}},"5":{"start":{"line":43,"column":2},"end":{"line":53,"column":4}},"6":{"start":{"line":44,"column":28},"end":{"line":44,"column":38}},"7":{"start":{"line":45,"column":4},"end":{"line":51,"column":9}},"8":{"start":{"line":46,"column":6},"end":{"line":51,"column":9}},"9":{"start":{"line":52,"column":4},"end":{"line":52,"column":43}},"10":{"start":{"line":57,"column":2},"end":{"line":60,"column":4}},"11":{"start":{"line":64,"column":2},"end":{"line":74,"column":4}},"12":{"start":{"line":65,"column":28},"end":{"line":65,"column":38}},"13":{"start":{"line":66,"column":4},"end":{"line":72,"column":9}},"14":{"start":{"line":67,"column":6},"end":{"line":72,"column":9}},"15":{"start":{"line":73,"column":4},"end":{"line":73,"column":44}},"16":{"start":{"line":78,"column":2},"end":{"line":81,"column":4}},"17":{"start":{"line":85,"column":2},"end":{"line":88,"column":4}},"18":{"start":{"line":92,"column":2},"end":{"line":95,"column":4}},"19":{"start":{"line":99,"column":2},"end":{"line":102,"column":4}},"20":{"start":{"line":106,"column":2},"end":{"line":109,"column":4}},"21":{"start":{"line":113,"column":2},"end":{"line":116,"column":4}}},"fnMap":{"0":{"name":"login","decl":{"start":{"line":18,"column":9},"end":{"line":18,"column":14}},"loc":{"start":{"line":18,"column":24},"end":{"line":29,"column":1}},"line":18},"1":{"name":"(anonymous_1)","decl":{"start":{"line":19,"column":9},"end":{"line":19,"column":10}},"loc":{"start":{"line":19,"column":21},"end":{"line":28,"column":3}},"line":19},"2":{"name":"startGame","decl":{"start":{"line":31,"column":9},"end":{"line":31,"column":18}},"loc":{"start":{"line":31,"column":28},"end":{"line":36,"column":1}},"line":31},"3":{"name":"addVote","decl":{"start":{"line":38,"column":9},"end":{"line":38,"column":16}},"loc":{"start":{"line":38,"column":26},"end":{"line":40,"column":1}},"line":38},"4":{"name":"addStory","decl":{"start":{"line":42,"column":9},"end":{"line":42,"column":17}},"loc":{"start":{"line":42,"column":27},"end":{"line":54,"column":1}},"line":42},"5":{"name":"(anonymous_5)","decl":{"start":{"line":43,"column":9},"end":{"line":43,"column":10}},"loc":{"start":{"line":43,"column":33},"end":{"line":53,"column":3}},"line":43},"6":{"name":"deleteStory","decl":{"start":{"line":56,"column":9},"end":{"line":56,"column":20}},"loc":{"start":{"line":56,"column":30},"end":{"line":61,"column":1}},"line":56},"7":{"name":"editStory","decl":{"start":{"line":63,"column":9},"end":{"line":63,"column":18}},"loc":{"start":{"line":63,"column":28},"end":{"line":75,"column":1}},"line":63},"8":{"name":"(anonymous_8)","decl":{"start":{"line":64,"column":9},"end":{"line":64,"column":10}},"loc":{"start":{"line":64,"column":33},"end":{"line":74,"column":3}},"line":64},"9":{"name":"addMessage","decl":{"start":{"line":77,"column":9},"end":{"line":77,"column":19}},"loc":{"start":{"line":77,"column":29},"end":{"line":82,"column":1}},"line":77},"10":{"name":"memberVoted","decl":{"start":{"line":84,"column":9},"end":{"line":84,"column":20}},"loc":{"start":{"line":84,"column":30},"end":{"line":89,"column":1}},"line":84},"11":{"name":"flipCards","decl":{"start":{"line":91,"column":9},"end":{"line":91,"column":18}},"loc":{"start":{"line":91,"column":28},"end":{"line":96,"column":1}},"line":91},"12":{"name":"deleteVotes","decl":{"start":{"line":98,"column":9},"end":{"line":98,"column":20}},"loc":{"start":{"line":98,"column":30},"end":{"line":103,"column":1}},"line":98},"13":{"name":"endGame","decl":{"start":{"line":105,"column":9},"end":{"line":105,"column":16}},"loc":{"start":{"line":105,"column":26},"end":{"line":110,"column":1}},"line":105},"14":{"name":"resetTimer","decl":{"start":{"line":112,"column":9},"end":{"line":112,"column":19}},"loc":{"start":{"line":112,"column":29},"end":{"line":117,"column":1}},"line":112}},"branchMap":{"0":{"loc":{"start":{"line":45,"column":4},"end":{"line":51,"column":9}},"type":"if","locations":[{"start":{"line":45,"column":4},"end":{"line":51,"column":9}},{"start":{"line":45,"column":4},"end":{"line":51,"column":9}}],"line":45},"1":{"loc":{"start":{"line":66,"column":4},"end":{"line":72,"column":9}},"type":"if","locations":[{"start":{"line":66,"column":4},"end":{"line":72,"column":9}},{"start":{"line":66,"column":4},"end":{"line":72,"column":9}}],"line":66}},"s":{"0":1,"1":1,"2":0,"3":1,"4":3,"5":0,"6":0,"7":0,"8":0,"9":0,"10":0,"11":0,"12":0,"13":0,"14":0,"15":0,"16":1,"17":1,"18":1,"19":2,"20":1,"21":0},"f":{"0":1,"1":1,"2":1,"3":3,"4":0,"5":0,"6":0,"7":0,"8":0,"9":1,"10":1,"11":1,"12":2,"13":1,"14":0},"b":{"0":[0,0],"1":[0,0]},"_coverageSchema":"43e27e138ebf9cfc5966b082cf9a028302ed4184","hash":"d27ea05ce4200614c074feb9f3cd6c096e0a38db"}
,"C:\\Users\\Mihai\\source\\OOP\\PokerPlanning\\src\\actions\\toastsActions.js": {"path":"C:\\Users\\Mihai\\source\\OOP\\PokerPlanning\\src\\actions\\toastsActions.js","statementMap":{"0":{"start":{"line":3,"column":18},"end":{"line":3,"column":19}},"1":{"start":{"line":5,"column":2},"end":{"line":5,"column":19}},"2":{"start":{"line":6,"column":2},"end":{"line":10,"column":4}},"3":{"start":{"line":14,"column":2},"end":{"line":17,"column":4}}},"fnMap":{"0":{"name":"addToast","decl":{"start":{"line":4,"column":16},"end":{"line":4,"column":24}},"loc":{"start":{"line":4,"column":34},"end":{"line":11,"column":1}},"line":4},"1":{"name":"removeToast","decl":{"start":{"line":13,"column":16},"end":{"line":13,"column":27}},"loc":{"start":{"line":13,"column":32},"end":{"line":18,"column":1}},"line":13}},"branchMap":{},"s":{"0":5,"1":0,"2":0,"3":0},"f":{"0":0,"1":0},"b":{},"_coverageSchema":"43e27e138ebf9cfc5966b082cf9a028302ed4184","hash":"623bc01f22d19e89566277948660ec2cd2568eb2"}
,"C:\\Users\\Mihai\\source\\OOP\\PokerPlanning\\src\\actions\\types.js": {"path":"C:\\Users\\Mihai\\source\\OOP\\PokerPlanning\\src\\actions\\types.js","statementMap":{"0":{"start":{"line":1,"column":20},"end":{"line":1,"column":33}},"1":{"start":{"line":2,"column":19},"end":{"line":2,"column":31}},"2":{"start":{"line":3,"column":19},"end":{"line":3,"column":31}},"3":{"start":{"line":4,"column":17},"end":{"line":4,"column":27}},"4":{"start":{"line":5,"column":20},"end":{"line":5,"column":33}},"5":{"start":{"line":6,"column":18},"end":{"line":6,"column":29}},"6":{"start":{"line":7,"column":21},"end":{"line":7,"column":35}},"7":{"start":{"line":8,"column":19},"end":{"line":8,"column":31}},"8":{"start":{"line":9,"column":21},"end":{"line":9,"column":35}},"9":{"start":{"line":10,"column":18},"end":{"line":10,"column":29}},"10":{"start":{"line":11,"column":19},"end":{"line":11,"column":31}},"11":{"start":{"line":12,"column":21},"end":{"line":12,"column":35}},"12":{"start":{"line":13,"column":17},"end":{"line":13,"column":27}},"13":{"start":{"line":14,"column":20},"end":{"line":14,"column":33}},"14":{"start":{"line":15,"column":25},"end":{"line":15,"column":36}},"15":{"start":{"line":16,"column":28},"end":{"line":16,"column":42}}},"fnMap":{},"branchMap":{},"s":{"0":14,"1":14,"2":14,"3":14,"4":14,"5":14,"6":14,"7":14,"8":14,"9":14,"10":14,"11":14,"12":14,"13":14,"14":14,"15":14},"f":{},"b":{},"_coverageSchema":"43e27e138ebf9cfc5966b082cf9a028302ed4184","hash":"5505653b479d2ba2b9f937d42dc22d3f752fa223"}
,"C:\\Users\\Mihai\\source\\OOP\\PokerPlanning\\src\\components\\editableText.jsx": {"path":"C:\\Users\\Mihai\\source\\OOP\\PokerPlanning\\src\\components\\editableText.jsx","statementMap":{"0":{"start":{"line":6,"column":4},"end":{"line":6,"column":17}},"1":{"start":{"line":7,"column":4},"end":{"line":7,"column":44}},"2":{"start":{"line":8,"column":4},"end":{"line":8,"column":45}},"3":{"start":{"line":10,"column":4},"end":{"line":10,"column":49}},"4":{"start":{"line":11,"column":4},"end":{"line":11,"column":45}},"5":{"start":{"line":12,"column":4},"end":{"line":12,"column":53}},"6":{"start":{"line":16,"column":21},"end":{"line":16,"column":31}},"7":{"start":{"line":17,"column":4},"end":{"line":17,"column":47}},"8":{"start":{"line":21,"column":4},"end":{"line":21,"column":49}},"9":{"start":{"line":25,"column":4},"end":{"line":41,"column":6}},"10":{"start":{"line":29,"column":10},"end":{"line":29,"column":29}},"11":{"start":{"line":30,"column":10},"end":{"line":30,"column":30}},"12":{"start":{"line":33,"column":10},"end":{"line":33,"column":29}},"13":{"start":{"line":34,"column":10},"end":{"line":34,"column":52}},"14":{"start":{"line":34,"column":32},"end":{"line":34,"column":52}},"15":{"start":{"line":45,"column":4},"end":{"line":66,"column":6}},"16":{"start":{"line":57,"column":12},"end":{"line":57,"column":31}},"17":{"start":{"line":58,"column":30},"end":{"line":58,"column":40}},"18":{"start":{"line":59,"column":12},"end":{"line":59,"column":30}},"19":{"start":{"line":60,"column":12},"end":{"line":60,"column":33}},"20":{"start":{"line":70,"column":21},"end":{"line":70,"column":31}},"21":{"start":{"line":71,"column":22},"end":{"line":71,"column":32}},"22":{"start":{"line":72,"column":21},"end":{"line":72,"column":31}},"23":{"start":{"line":73,"column":23},"end":{"line":73,"column":33}},"24":{"start":{"line":75,"column":4},"end":{"line":75,"column":71}},"25":{"start":{"line":79,"column":0},"end":{"line":82,"column":2}}},"fnMap":{"0":{"name":"(anonymous_0)","decl":{"start":{"line":5,"column":2},"end":{"line":5,"column":3}},"loc":{"start":{"line":5,"column":21},"end":{"line":13,"column":3}},"line":5},"1":{"name":"(anonymous_1)","decl":{"start":{"line":15,"column":2},"end":{"line":15,"column":3}},"loc":{"start":{"line":15,"column":17},"end":{"line":18,"column":3}},"line":15},"2":{"name":"(anonymous_2)","decl":{"start":{"line":20,"column":2},"end":{"line":20,"column":3}},"loc":{"start":{"line":20,"column":22},"end":{"line":22,"column":3}},"line":20},"3":{"name":"(anonymous_3)","decl":{"start":{"line":24,"column":2},"end":{"line":24,"column":3}},"loc":{"start":{"line":24,"column":19},"end":{"line":42,"column":3}},"line":24},"4":{"name":"(anonymous_4)","decl":{"start":{"line":28,"column":17},"end":{"line":28,"column":18}},"loc":{"start":{"line":28,"column":22},"end":{"line":31,"column":9}},"line":28},"5":{"name":"(anonymous_5)","decl":{"start":{"line":32,"column":19},"end":{"line":32,"column":20}},"loc":{"start":{"line":32,"column":24},"end":{"line":35,"column":9}},"line":32},"6":{"name":"(anonymous_6)","decl":{"start":{"line":44,"column":2},"end":{"line":44,"column":3}},"loc":{"start":{"line":44,"column":25},"end":{"line":67,"column":3}},"line":44},"7":{"name":"(anonymous_7)","decl":{"start":{"line":56,"column":19},"end":{"line":56,"column":20}},"loc":{"start":{"line":56,"column":24},"end":{"line":61,"column":11}},"line":56},"8":{"name":"(anonymous_8)","decl":{"start":{"line":69,"column":2},"end":{"line":69,"column":3}},"loc":{"start":{"line":69,"column":11},"end":{"line":76,"column":3}},"line":69}},"branchMap":{"0":{"loc":{"start":{"line":34,"column":10},"end":{"line":34,"column":52}},"type":"if","locations":[{"start":{"line":34,"column":10},"end":{"line":34,"column":52}},{"start":{"line":34,"column":10},"end":{"line":34,"column":52}}],"line":34},"1":{"loc":{"start":{"line":75,"column":11},"end":{"line":75,"column":70}},"type":"cond-expr","locations":[{"start":{"line":75,"column":18},"end":{"line":75,"column":46}},{"start":{"line":75,"column":49},"end":{"line":75,"column":70}}],"line":75}},"s":{"0":4,"1":4,"2":4,"3":4,"4":4,"5":4,"6":2,"7":2,"8":1,"9":5,"10":1,"11":1,"12":0,"13":0,"14":0,"15":3,"16":1,"17":1,"18":1,"19":1,"20":8,"21":8,"22":8,"23":8,"24":8,"25":2},"f":{"0":4,"1":2,"2":1,"3":5,"4":1,"5":0,"6":3,"7":1,"8":8},"b":{"0":[0,0],"1":[3,5]},"_coverageSchema":"43e27e138ebf9cfc5966b082cf9a028302ed4184","hash":"e5a7a544856ecd740326b80e6ea73db7408cf118"}
,"C:\\Users\\Mihai\\source\\OOP\\PokerPlanning\\src\\components\\modals.jsx": {"path":"C:\\Users\\Mihai\\source\\OOP\\PokerPlanning\\src\\components\\modals.jsx","statementMap":{"0":{"start":{"line":7,"column":14},"end":{"line":13,"column":1}},"1":{"start":{"line":8,"column":2},"end":{"line":12,"column":4}},"2":{"start":{"line":15,"column":24},"end":{"line":30,"column":1}},"3":{"start":{"line":16,"column":2},"end":{"line":29,"column":4}},"4":{"start":{"line":19,"column":23},"end":{"line":19,"column":28}},"5":{"start":{"line":20,"column":8},"end":{"line":26,"column":10}},"6":{"start":{"line":24,"column":34},"end":{"line":24,"column":57}},"7":{"start":{"line":32,"column":27},"end":{"line":34,"column":2}},"8":{"start":{"line":32,"column":40},"end":{"line":34,"column":1}},"9":{"start":{"line":36,"column":17},"end":{"line":36,"column":18}},"10":{"start":{"line":37,"column":14},"end":{"line":49,"column":1}},"11":{"start":{"line":38,"column":2},"end":{"line":38,"column":35}},"12":{"start":{"line":39,"column":2},"end":{"line":39,"column":18}},"13":{"start":{"line":40,"column":2},"end":{"line":40,"column":26}},"14":{"start":{"line":41,"column":2},"end":{"line":48,"column":4}},"15":{"start":{"line":50,"column":15},"end":{"line":53,"column":18}},"16":{"start":{"line":56,"column":0},"end":{"line":58,"column":2}},"17":{"start":{"line":60,"column":0},"end":{"line":70,"column":2}},"18":{"start":{"line":72,"column":0},"end":{"line":75,"column":2}}},"fnMap":{"0":{"name":"(anonymous_0)","decl":{"start":{"line":7,"column":14},"end":{"line":7,"column":15}},"loc":{"start":{"line":7,"column":32},"end":{"line":13,"column":1}},"line":7},"1":{"name":"(anonymous_1)","decl":{"start":{"line":15,"column":24},"end":{"line":15,"column":25}},"loc":{"start":{"line":15,"column":49},"end":{"line":30,"column":1}},"line":15},"2":{"name":"(anonymous_2)","decl":{"start":{"line":18,"column":18},"end":{"line":18,"column":19}},"loc":{"start":{"line":18,"column":27},"end":{"line":27,"column":7}},"line":18},"3":{"name":"(anonymous_3)","decl":{"start":{"line":24,"column":28},"end":{"line":24,"column":29}},"loc":{"start":{"line":24,"column":34},"end":{"line":24,"column":57}},"line":24},"4":{"name":"(anonymous_4)","decl":{"start":{"line":32,"column":27},"end":{"line":32,"column":28}},"loc":{"start":{"line":32,"column":40},"end":{"line":34,"column":1}},"line":32},"5":{"name":"(anonymous_5)","decl":{"start":{"line":37,"column":14},"end":{"line":37,"column":15}},"loc":{"start":{"line":37,"column":44},"end":{"line":49,"column":1}},"line":37}},"branchMap":{},"s":{"0":4,"1":9,"2":4,"3":0,"4":0,"5":0,"6":0,"7":4,"8":0,"9":4,"10":4,"11":0,"12":0,"13":0,"14":0,"15":4,"16":4,"17":4,"18":4},"f":{"0":9,"1":0,"2":0,"3":0,"4":0,"5":0},"b":{},"_coverageSchema":"43e27e138ebf9cfc5966b082cf9a028302ed4184","hash":"10ab0c181b772d326e762c18d78ca13acb39b97a"}
,"C:\\Users\\Mihai\\source\\OOP\\PokerPlanning\\src\\components\\login\\login.jsx": {"path":"C:\\Users\\Mihai\\source\\OOP\\PokerPlanning\\src\\components\\login\\login.jsx","statementMap":{"0":{"start":{"line":7,"column":2},"end":{"line":9,"column":4}},"1":{"start":{"line":8,"column":19},"end":{"line":8,"column":48}},"2":{"start":{"line":14,"column":4},"end":{"line":14,"column":12}},"3":{"start":{"line":15,"column":4},"end":{"line":18,"column":6}},"4":{"start":{"line":19,"column":4},"end":{"line":19,"column":55}},"5":{"start":{"line":20,"column":4},"end":{"line":20,"column":49}},"6":{"start":{"line":21,"column":4},"end":{"line":21,"column":53}},"7":{"start":{"line":25,"column":4},"end":{"line":25,"column":27}},"8":{"start":{"line":26,"column":22},"end":{"line":26,"column":32}},"9":{"start":{"line":27,"column":21},"end":{"line":27,"column":31}},"10":{"start":{"line":28,"column":4},"end":{"line":28,"column":20}},"11":{"start":{"line":32,"column":4},"end":{"line":32,"column":48}},"12":{"start":{"line":36,"column":4},"end":{"line":36,"column":46}},"13":{"start":{"line":40,"column":4},"end":{"line":86,"column":6}},"14":{"start":{"line":78,"column":16},"end":{"line":78,"column":35}},"15":{"start":{"line":90,"column":0},"end":{"line":92,"column":2}},"16":{"start":{"line":94,"column":14},"end":{"line":97,"column":17}}},"fnMap":{"0":{"name":"mapDispatchToProps","decl":{"start":{"line":6,"column":9},"end":{"line":6,"column":27}},"loc":{"start":{"line":6,"column":38},"end":{"line":10,"column":1}},"line":6},"1":{"name":"(anonymous_1)","decl":{"start":{"line":8,"column":11},"end":{"line":8,"column":12}},"loc":{"start":{"line":8,"column":19},"end":{"line":8,"column":48}},"line":8},"2":{"name":"(anonymous_2)","decl":{"start":{"line":13,"column":2},"end":{"line":13,"column":3}},"loc":{"start":{"line":13,"column":16},"end":{"line":22,"column":3}},"line":13},"3":{"name":"(anonymous_3)","decl":{"start":{"line":24,"column":2},"end":{"line":24,"column":3}},"loc":{"start":{"line":24,"column":23},"end":{"line":29,"column":3}},"line":24},"4":{"name":"(anonymous_4)","decl":{"start":{"line":31,"column":2},"end":{"line":31,"column":3}},"loc":{"start":{"line":31,"column":20},"end":{"line":33,"column":3}},"line":31},"5":{"name":"(anonymous_5)","decl":{"start":{"line":35,"column":2},"end":{"line":35,"column":3}},"loc":{"start":{"line":35,"column":22},"end":{"line":37,"column":3}},"line":35},"6":{"name":"(anonymous_6)","decl":{"start":{"line":39,"column":2},"end":{"line":39,"column":3}},"loc":{"start":{"line":39,"column":11},"end":{"line":87,"column":3}},"line":39},"7":{"name":"(anonymous_7)","decl":{"start":{"line":77,"column":23},"end":{"line":77,"column":24}},"loc":{"start":{"line":77,"column":28},"end":{"line":79,"column":15}},"line":77}},"branchMap":{},"s":{"0":0,"1":0,"2":2,"3":2,"4":2,"5":2,"6":2,"7":1,"8":1,"9":1,"10":1,"11":0,"12":0,"13":2,"14":0,"15":1,"16":1},"f":{"0":0,"1":0,"2":2,"3":1,"4":0,"5":0,"6":2,"7":0},"b":{},"_coverageSchema":"43e27e138ebf9cfc5966b082cf9a028302ed4184","hash":"d3ee59380cad4ede93f2b3aaa183b7dabe985867"}
,"C:\\Users\\Mihai\\source\\OOP\\PokerPlanning\\src\\components\\session\\sessionInfo.jsx": {"path":"C:\\Users\\Mihai\\source\\OOP\\PokerPlanning\\src\\components\\session\\sessionInfo.jsx","statementMap":{"0":{"start":{"line":7,"column":27},"end":{"line":9,"column":2}},"1":{"start":{"line":7,"column":40},"end":{"line":9,"column":1}},"2":{"start":{"line":8,"column":22},"end":{"line":8,"column":56}},"3":{"start":{"line":11,"column":36},"end":{"line":28,"column":1}},"4":{"start":{"line":12,"column":24},"end":{"line":13,"column":56}},"5":{"start":{"line":13,"column":4},"end":{"line":13,"column":56}},"6":{"start":{"line":14,"column":2},"end":{"line":27,"column":4}},"7":{"start":{"line":30,"column":0},"end":{"line":36,"column":2}},"8":{"start":{"line":38,"column":20},"end":{"line":41,"column":23}}},"fnMap":{"0":{"name":"(anonymous_0)","decl":{"start":{"line":7,"column":27},"end":{"line":7,"column":28}},"loc":{"start":{"line":7,"column":40},"end":{"line":9,"column":1}},"line":7},"1":{"name":"(anonymous_1)","decl":{"start":{"line":8,"column":13},"end":{"line":8,"column":14}},"loc":{"start":{"line":8,"column":22},"end":{"line":8,"column":56}},"line":8},"2":{"name":"(anonymous_2)","decl":{"start":{"line":11,"column":36},"end":{"line":11,"column":37}},"loc":{"start":{"line":11,"column":76},"end":{"line":28,"column":1}},"line":11},"3":{"name":"(anonymous_3)","decl":{"start":{"line":12,"column":24},"end":{"line":12,"column":25}},"loc":{"start":{"line":13,"column":4},"end":{"line":13,"column":56}},"line":13}},"branchMap":{"0":{"loc":{"start":{"line":20,"column":7},"end":{"line":25,"column":7}},"type":"binary-expr","locations":[{"start":{"line":20,"column":7},"end":{"line":20,"column":30}},{"start":{"line":21,"column":8},"end":{"line":24,"column":10}}],"line":20}},"s":{"0":1,"1":0,"2":0,"3":1,"4":3,"5":0,"6":3,"7":1,"8":1},"f":{"0":0,"1":0,"2":3,"3":0},"b":{"0":[3,1]},"_coverageSchema":"43e27e138ebf9cfc5966b082cf9a028302ed4184","hash":"f8548873853cfd20d48a03b2b5b49e44be6f7ce6"}
,"C:\\Users\\Mihai\\source\\OOP\\PokerPlanning\\src\\components\\session\\stories.jsx": {"path":"C:\\Users\\Mihai\\source\\OOP\\PokerPlanning\\src\\components\\session\\stories.jsx","statementMap":{"0":{"start":{"line":10,"column":2},"end":{"line":13,"column":4}},"1":{"start":{"line":11,"column":23},"end":{"line":11,"column":56}},"2":{"start":{"line":12,"column":26},"end":{"line":12,"column":62}},"3":{"start":{"line":18,"column":4},"end":{"line":18,"column":17}},"4":{"start":{"line":19,"column":4},"end":{"line":19,"column":31}},"5":{"start":{"line":20,"column":4},"end":{"line":20,"column":57}},"6":{"start":{"line":24,"column":4},"end":{"line":24,"column":33}},"7":{"start":{"line":28,"column":24},"end":{"line":28,"column":34}},"8":{"start":{"line":29,"column":26},"end":{"line":29,"column":48}},"9":{"start":{"line":30,"column":25},"end":{"line":30,"column":35}},"10":{"start":{"line":31,"column":28},"end":{"line":31,"column":38}},"11":{"start":{"line":32,"column":20},"end":{"line":32,"column":30}},"12":{"start":{"line":33,"column":4},"end":{"line":83,"column":6}},"13":{"start":{"line":56,"column":18},"end":{"line":56,"column":37}},"14":{"start":{"line":57,"column":18},"end":{"line":57,"column":44}},"15":{"start":{"line":69,"column":16},"end":{"line":77,"column":24}},"16":{"start":{"line":86,"column":0},"end":{"line":92,"column":2}},"17":{"start":{"line":94,"column":23},"end":{"line":97,"column":19}}},"fnMap":{"0":{"name":"mapDispatchToProps","decl":{"start":{"line":9,"column":9},"end":{"line":9,"column":27}},"loc":{"start":{"line":9,"column":38},"end":{"line":14,"column":1}},"line":9},"1":{"name":"(anonymous_1)","decl":{"start":{"line":11,"column":14},"end":{"line":11,"column":15}},"loc":{"start":{"line":11,"column":23},"end":{"line":11,"column":56}},"line":11},"2":{"name":"(anonymous_2)","decl":{"start":{"line":12,"column":17},"end":{"line":12,"column":18}},"loc":{"start":{"line":12,"column":26},"end":{"line":12,"column":62}},"line":12},"3":{"name":"(anonymous_3)","decl":{"start":{"line":17,"column":2},"end":{"line":17,"column":3}},"loc":{"start":{"line":17,"column":21},"end":{"line":21,"column":3}},"line":17},"4":{"name":"(anonymous_4)","decl":{"start":{"line":23,"column":2},"end":{"line":23,"column":3}},"loc":{"start":{"line":23,"column":23},"end":{"line":25,"column":3}},"line":23},"5":{"name":"(anonymous_5)","decl":{"start":{"line":27,"column":2},"end":{"line":27,"column":3}},"loc":{"start":{"line":27,"column":11},"end":{"line":84,"column":3}},"line":27},"6":{"name":"(anonymous_6)","decl":{"start":{"line":55,"column":25},"end":{"line":55,"column":26}},"loc":{"start":{"line":55,"column":30},"end":{"line":58,"column":17}},"line":55},"7":{"name":"(anonymous_7)","decl":{"start":{"line":68,"column":35},"end":{"line":68,"column":36}},"loc":{"start":{"line":69,"column":16},"end":{"line":77,"column":24}},"line":69}},"branchMap":{"0":{"loc":{"start":{"line":35,"column":9},"end":{"line":39,"column":9}},"type":"binary-expr","locations":[{"start":{"line":35,"column":9},"end":{"line":35,"column":12}},{"start":{"line":36,"column":10},"end":{"line":38,"column":18}}],"line":35},"1":{"loc":{"start":{"line":69,"column":16},"end":{"line":77,"column":24}},"type":"cond-expr","locations":[{"start":{"line":70,"column":18},"end":{"line":76,"column":20}},{"start":{"line":77,"column":20},"end":{"line":77,"column":24}}],"line":69}},"s":{"0":0,"1":0,"2":0,"3":2,"4":2,"5":2,"6":1,"7":3,"8":3,"9":3,"10":3,"11":3,"12":3,"13":1,"14":1,"15":3,"16":1,"17":1},"f":{"0":0,"1":0,"2":0,"3":2,"4":1,"5":3,"6":1,"7":3},"b":{"0":[3,3],"1":[3,0]},"_coverageSchema":"43e27e138ebf9cfc5966b082cf9a028302ed4184","hash":"4ba8c06661d9966a91781ad7860bfac42a80629e"}
,"C:\\Users\\Mihai\\source\\OOP\\PokerPlanning\\src\\components\\session\\storyDescription.jsx": {"path":"C:\\Users\\Mihai\\source\\OOP\\PokerPlanning\\src\\components\\session\\storyDescription.jsx","statementMap":{"0":{"start":{"line":8,"column":4},"end":{"line":8,"column":17}},"1":{"start":{"line":9,"column":4},"end":{"line":9,"column":33}},"2":{"start":{"line":10,"column":4},"end":{"line":10,"column":47}},"3":{"start":{"line":14,"column":4},"end":{"line":14,"column":35}},"4":{"start":{"line":18,"column":22},"end":{"line":18,"column":32}},"5":{"start":{"line":19,"column":30},"end":{"line":19,"column":40}},"6":{"start":{"line":20,"column":28},"end":{"line":20,"column":38}},"7":{"start":{"line":21,"column":19},"end":{"line":21,"column":29}},"8":{"start":{"line":22,"column":21},"end":{"line":22,"column":31}},"9":{"start":{"line":24,"column":4},"end":{"line":73,"column":6}},"10":{"start":{"line":30,"column":14},"end":{"line":30,"column":33}},"11":{"start":{"line":31,"column":14},"end":{"line":31,"column":44}},"12":{"start":{"line":34,"column":14},"end":{"line":34,"column":33}},"13":{"start":{"line":46,"column":18},"end":{"line":51,"column":40}},"14":{"start":{"line":51,"column":20},"end":{"line":51,"column":40}},"15":{"start":{"line":54,"column":18},"end":{"line":54,"column":37}},"16":{"start":{"line":77,"column":0},"end":{"line":82,"column":2}}},"fnMap":{"0":{"name":"(anonymous_0)","decl":{"start":{"line":7,"column":2},"end":{"line":7,"column":3}},"loc":{"start":{"line":7,"column":21},"end":{"line":11,"column":3}},"line":7},"1":{"name":"(anonymous_1)","decl":{"start":{"line":13,"column":2},"end":{"line":13,"column":3}},"loc":{"start":{"line":13,"column":14},"end":{"line":15,"column":3}},"line":13},"2":{"name":"(anonymous_2)","decl":{"start":{"line":17,"column":2},"end":{"line":17,"column":3}},"loc":{"start":{"line":17,"column":11},"end":{"line":74,"column":3}},"line":17},"3":{"name":"(anonymous_3)","decl":{"start":{"line":29,"column":21},"end":{"line":29,"column":22}},"loc":{"start":{"line":29,"column":26},"end":{"line":32,"column":13}},"line":29},"4":{"name":"(anonymous_4)","decl":{"start":{"line":33,"column":23},"end":{"line":33,"column":24}},"loc":{"start":{"line":33,"column":28},"end":{"line":35,"column":13}},"line":33},"5":{"name":"(anonymous_5)","decl":{"start":{"line":45,"column":25},"end":{"line":45,"column":26}},"loc":{"start":{"line":45,"column":31},"end":{"line":52,"column":17}},"line":45},"6":{"name":"(anonymous_6)","decl":{"start":{"line":53,"column":27},"end":{"line":53,"column":28}},"loc":{"start":{"line":53,"column":32},"end":{"line":55,"column":17}},"line":53}},"branchMap":{"0":{"loc":{"start":{"line":43,"column":13},"end":{"line":60,"column":13}},"type":"binary-expr","locations":[{"start":{"line":43,"column":13},"end":{"line":43,"column":33}},{"start":{"line":44,"column":14},"end":{"line":59,"column":16}}],"line":43},"1":{"loc":{"start":{"line":46,"column":18},"end":{"line":51,"column":40}},"type":"if","locations":[{"start":{"line":46,"column":18},"end":{"line":51,"column":40}},{"start":{"line":46,"column":18},"end":{"line":51,"column":40}}],"line":46},"2":{"loc":{"start":{"line":63,"column":13},"end":{"line":69,"column":13}},"type":"binary-expr","locations":[{"start":{"line":63,"column":13},"end":{"line":63,"column":17}},{"start":{"line":64,"column":14},"end":{"line":68,"column":22}}],"line":63}},"s":{"0":6,"1":6,"2":6,"3":0,"4":8,"5":8,"6":8,"7":8,"8":8,"9":8,"10":1,"11":1,"12":0,"13":1,"14":0,"15":0,"16":2},"f":{"0":6,"1":0,"2":8,"3":1,"4":0,"5":1,"6":0},"b":{"0":[8,5],"1":[0,1],"2":[8,1]},"_coverageSchema":"43e27e138ebf9cfc5966b082cf9a028302ed4184","hash":"c2bafa9d58cb845289b14b1c91a479718a40713c"}
,"C:\\Users\\Mihai\\source\\OOP\\PokerPlanning\\src\\components\\session\\storyModal.jsx": {"path":"C:\\Users\\Mihai\\source\\OOP\\PokerPlanning\\src\\components\\session\\storyModal.jsx","statementMap":{"0":{"start":{"line":7,"column":2},"end":{"line":9,"column":4}},"1":{"start":{"line":8,"column":24},"end":{"line":8,"column":58}},"2":{"start":{"line":14,"column":4},"end":{"line":14,"column":17}},"3":{"start":{"line":15,"column":4},"end":{"line":15,"column":34}},"4":{"start":{"line":16,"column":4},"end":{"line":16,"column":57}},"5":{"start":{"line":20,"column":4},"end":{"line":20,"column":52}},"6":{"start":{"line":24,"column":22},"end":{"line":24,"column":32}},"7":{"start":{"line":25,"column":19},"end":{"line":25,"column":29}},"8":{"start":{"line":26,"column":22},"end":{"line":26,"column":32}},"9":{"start":{"line":27,"column":26},"end":{"line":27,"column":36}},"10":{"start":{"line":28,"column":25},"end":{"line":28,"column":35}},"11":{"start":{"line":30,"column":4},"end":{"line":69,"column":6}},"12":{"start":{"line":49,"column":14},"end":{"line":49,"column":33}},"13":{"start":{"line":50,"column":35},"end":{"line":50,"column":45}},"14":{"start":{"line":51,"column":14},"end":{"line":51,"column":49}},"15":{"start":{"line":52,"column":14},"end":{"line":52,"column":22}},"16":{"start":{"line":61,"column":14},"end":{"line":61,"column":33}},"17":{"start":{"line":62,"column":14},"end":{"line":62,"column":22}},"18":{"start":{"line":73,"column":15},"end":{"line":91,"column":1}},"19":{"start":{"line":74,"column":2},"end":{"line":90,"column":8}},"20":{"start":{"line":78,"column":8},"end":{"line":78,"column":27}},"21":{"start":{"line":79,"column":8},"end":{"line":79,"column":16}},"22":{"start":{"line":82,"column":8},"end":{"line":82,"column":27}},"23":{"start":{"line":93,"column":19},"end":{"line":96,"column":17}},"24":{"start":{"line":99,"column":0},"end":{"line":101,"column":2}},"25":{"start":{"line":103,"column":0},"end":{"line":109,"column":2}},"26":{"start":{"line":111,"column":0},"end":{"line":113,"column":2}}},"fnMap":{"0":{"name":"mapDispatchToProps","decl":{"start":{"line":6,"column":9},"end":{"line":6,"column":27}},"loc":{"start":{"line":6,"column":38},"end":{"line":10,"column":1}},"line":6},"1":{"name":"(anonymous_1)","decl":{"start":{"line":8,"column":15},"end":{"line":8,"column":16}},"loc":{"start":{"line":8,"column":24},"end":{"line":8,"column":58}},"line":8},"2":{"name":"(anonymous_2)","decl":{"start":{"line":13,"column":2},"end":{"line":13,"column":3}},"loc":{"start":{"line":13,"column":21},"end":{"line":17,"column":3}},"line":13},"3":{"name":"(anonymous_3)","decl":{"start":{"line":19,"column":2},"end":{"line":19,"column":3}},"loc":{"start":{"line":19,"column":24},"end":{"line":21,"column":3}},"line":19},"4":{"name":"(anonymous_4)","decl":{"start":{"line":23,"column":2},"end":{"line":23,"column":3}},"loc":{"start":{"line":23,"column":11},"end":{"line":70,"column":3}},"line":23},"5":{"name":"(anonymous_5)","decl":{"start":{"line":48,"column":21},"end":{"line":48,"column":22}},"loc":{"start":{"line":48,"column":26},"end":{"line":53,"column":13}},"line":48},"6":{"name":"(anonymous_6)","decl":{"start":{"line":60,"column":21},"end":{"line":60,"column":22}},"loc":{"start":{"line":60,"column":26},"end":{"line":63,"column":13}},"line":60},"7":{"name":"(anonymous_7)","decl":{"start":{"line":73,"column":15},"end":{"line":73,"column":16}},"loc":{"start":{"line":74,"column":2},"end":{"line":90,"column":8}},"line":74},"8":{"name":"(anonymous_8)","decl":{"start":{"line":77,"column":15},"end":{"line":77,"column":16}},"loc":{"start":{"line":77,"column":20},"end":{"line":80,"column":7}},"line":77},"9":{"name":"(anonymous_9)","decl":{"start":{"line":81,"column":17},"end":{"line":81,"column":18}},"loc":{"start":{"line":81,"column":22},"end":{"line":83,"column":7}},"line":81}},"branchMap":{},"s":{"0":0,"1":0,"2":3,"3":3,"4":3,"5":1,"6":4,"7":4,"8":4,"9":4,"10":4,"11":4,"12":1,"13":1,"14":1,"15":1,"16":0,"17":0,"18":3,"19":4,"20":1,"21":1,"22":0,"23":3,"24":3,"25":3,"26":3},"f":{"0":0,"1":0,"2":3,"3":1,"4":4,"5":1,"6":0,"7":4,"8":1,"9":0},"b":{},"_coverageSchema":"43e27e138ebf9cfc5966b082cf9a028302ed4184","hash":"32eac4ac34572d29a61f1420fd8038893282cca2"}
,"C:\\Users\\Mihai\\source\\OOP\\PokerPlanning\\src\\components\\session\\storyNew.jsx": {"path":"C:\\Users\\Mihai\\source\\OOP\\PokerPlanning\\src\\components\\session\\storyNew.jsx","statementMap":{"0":{"start":{"line":6,"column":4},"end":{"line":6,"column":17}},"1":{"start":{"line":7,"column":4},"end":{"line":7,"column":31}},"2":{"start":{"line":8,"column":4},"end":{"line":8,"column":53}},"3":{"start":{"line":12,"column":22},"end":{"line":12,"column":32}},"4":{"start":{"line":13,"column":28},"end":{"line":13,"column":38}},"5":{"start":{"line":14,"column":4},"end":{"line":14,"column":54}},"6":{"start":{"line":15,"column":4},"end":{"line":15,"column":33}},"7":{"start":{"line":19,"column":4},"end":{"line":19,"column":49}},"8":{"start":{"line":23,"column":22},"end":{"line":23,"column":32}},"9":{"start":{"line":24,"column":24},"end":{"line":24,"column":34}},"10":{"start":{"line":25,"column":4},"end":{"line":70,"column":6}},"11":{"start":{"line":41,"column":14},"end":{"line":41,"column":33}},"12":{"start":{"line":42,"column":14},"end":{"line":42,"column":37}},"13":{"start":{"line":51,"column":14},"end":{"line":51,"column":33}},"14":{"start":{"line":52,"column":14},"end":{"line":52,"column":37}},"15":{"start":{"line":53,"column":14},"end":{"line":53,"column":29}},"16":{"start":{"line":62,"column":14},"end":{"line":62,"column":33}},"17":{"start":{"line":63,"column":14},"end":{"line":63,"column":29}},"18":{"start":{"line":74,"column":0},"end":{"line":77,"column":2}}},"fnMap":{"0":{"name":"(anonymous_0)","decl":{"start":{"line":5,"column":2},"end":{"line":5,"column":3}},"loc":{"start":{"line":5,"column":21},"end":{"line":9,"column":3}},"line":5},"1":{"name":"(anonymous_1)","decl":{"start":{"line":11,"column":2},"end":{"line":11,"column":3}},"loc":{"start":{"line":11,"column":20},"end":{"line":16,"column":3}},"line":11},"2":{"name":"(anonymous_2)","decl":{"start":{"line":18,"column":2},"end":{"line":18,"column":3}},"loc":{"start":{"line":18,"column":22},"end":{"line":20,"column":3}},"line":18},"3":{"name":"(anonymous_3)","decl":{"start":{"line":22,"column":2},"end":{"line":22,"column":3}},"loc":{"start":{"line":22,"column":11},"end":{"line":71,"column":3}},"line":22},"4":{"name":"(anonymous_4)","decl":{"start":{"line":40,"column":21},"end":{"line":40,"column":22}},"loc":{"start":{"line":40,"column":26},"end":{"line":43,"column":13}},"line":40},"5":{"name":"(anonymous_5)","decl":{"start":{"line":50,"column":21},"end":{"line":50,"column":22}},"loc":{"start":{"line":50,"column":26},"end":{"line":54,"column":13}},"line":50},"6":{"name":"(anonymous_6)","decl":{"start":{"line":61,"column":21},"end":{"line":61,"column":22}},"loc":{"start":{"line":61,"column":26},"end":{"line":64,"column":13}},"line":61}},"branchMap":{},"s":{"0":5,"1":5,"2":5,"3":2,"4":2,"5":2,"6":2,"7":2,"8":10,"9":10,"10":10,"11":1,"12":1,"13":1,"14":1,"15":1,"16":0,"17":0,"18":2},"f":{"0":5,"1":2,"2":2,"3":10,"4":1,"5":1,"6":0},"b":{},"_coverageSchema":"43e27e138ebf9cfc5966b082cf9a028302ed4184","hash":"ba3d43015d0b75f2b83cd2fa15a3fe5b39782ddd"}
,"C:\\Users\\Mihai\\source\\OOP\\PokerPlanning\\src\\components\\session\\header\\header.jsx": {"path":"C:\\Users\\Mihai\\source\\OOP\\PokerPlanning\\src\\components\\session\\header\\header.jsx","statementMap":{"0":{"start":{"line":6,"column":15},"end":{"line":11,"column":1}},"1":{"start":{"line":7,"column":2},"end":{"line":10,"column":8}},"2":{"start":{"line":13,"column":0},"end":{"line":15,"column":2}}},"fnMap":{"0":{"name":"(anonymous_0)","decl":{"start":{"line":6,"column":15},"end":{"line":6,"column":16}},"loc":{"start":{"line":7,"column":2},"end":{"line":10,"column":8}},"line":7}},"branchMap":{},"s":{"0":1,"1":1,"2":1},"f":{"0":1},"b":{},"_coverageSchema":"43e27e138ebf9cfc5966b082cf9a028302ed4184","hash":"06ef7695488784f09d3a388a2e8ae0c2d1c5ce8a"}
,"C:\\Users\\Mihai\\source\\OOP\\PokerPlanning\\src\\components\\session\\header\\logedUser.jsx": {"path":"C:\\Users\\Mihai\\source\\OOP\\PokerPlanning\\src\\components\\session\\header\\logedUser.jsx","statementMap":{"0":{"start":{"line":4,"column":18},"end":{"line":9,"column":1}},"1":{"start":{"line":5,"column":2},"end":{"line":8,"column":8}},"2":{"start":{"line":11,"column":0},"end":{"line":13,"column":2}}},"fnMap":{"0":{"name":"(anonymous_0)","decl":{"start":{"line":4,"column":18},"end":{"line":4,"column":19}},"loc":{"start":{"line":5,"column":2},"end":{"line":8,"column":8}},"line":5}},"branchMap":{},"s":{"0":2,"1":2,"2":2},"f":{"0":2},"b":{},"_coverageSchema":"43e27e138ebf9cfc5966b082cf9a028302ed4184","hash":"f453aa658d75166b3245c2184f4e1c2f40218dce"}
,"C:\\Users\\Mihai\\source\\OOP\\PokerPlanning\\src\\components\\session\\header\\logo.jsx": {"path":"C:\\Users\\Mihai\\source\\OOP\\PokerPlanning\\src\\components\\session\\header\\logo.jsx","statementMap":{"0":{"start":{"line":3,"column":13},"end":{"line":3,"column":60}},"1":{"start":{"line":3,"column":19},"end":{"line":3,"column":60}}},"fnMap":{"0":{"name":"(anonymous_0)","decl":{"start":{"line":3,"column":13},"end":{"line":3,"column":14}},"loc":{"start":{"line":3,"column":19},"end":{"line":3,"column":60}},"line":3}},"branchMap":{},"s":{"0":1,"1":0},"f":{"0":0},"b":{},"_coverageSchema":"43e27e138ebf9cfc5966b082cf9a028302ed4184","hash":"be65ed99299c6d1e096a55842d81a0be082b6f8d"}
,"C:\\Users\\Mihai\\source\\OOP\\PokerPlanning\\src\\components\\session\\pokerBets\\chat.jsx": {"path":"C:\\Users\\Mihai\\source\\OOP\\PokerPlanning\\src\\components\\session\\pokerBets\\chat.jsx","statementMap":{"0":{"start":{"line":7,"column":2},"end":{"line":9,"column":4}},"1":{"start":{"line":8,"column":30},"end":{"line":8,"column":67}},"2":{"start":{"line":12,"column":29},"end":{"line":17,"column":1}},"3":{"start":{"line":13,"column":2},"end":{"line":16,"column":8}},"4":{"start":{"line":19,"column":0},"end":{"line":25,"column":2}},"5":{"start":{"line":27,"column":20},"end":{"line":30,"column":16}},"6":{"start":{"line":35,"column":4},"end":{"line":35,"column":17}},"7":{"start":{"line":37,"column":4},"end":{"line":39,"column":6}},"8":{"start":{"line":40,"column":4},"end":{"line":40,"column":53}},"9":{"start":{"line":41,"column":4},"end":{"line":41,"column":51}},"10":{"start":{"line":45,"column":4},"end":{"line":45,"column":51}},"11":{"start":{"line":49,"column":4},"end":{"line":49,"column":27}},"12":{"start":{"line":50,"column":24},"end":{"line":50,"column":34}},"13":{"start":{"line":51,"column":20},"end":{"line":51,"column":30}},"14":{"start":{"line":52,"column":21},"end":{"line":52,"column":31}},"15":{"start":{"line":53,"column":4},"end":{"line":53,"column":27}},"16":{"start":{"line":54,"column":4},"end":{"line":54,"column":35}},"17":{"start":{"line":58,"column":24},"end":{"line":58,"column":34}},"18":{"start":{"line":59,"column":4},"end":{"line":72,"column":6}},"19":{"start":{"line":76,"column":0},"end":{"line":79,"column":2}},"20":{"start":{"line":81,"column":19},"end":{"line":89,"column":1}},"21":{"start":{"line":82,"column":2},"end":{"line":88,"column":8}},"22":{"start":{"line":85,"column":8},"end":{"line":85,"column":63}},"23":{"start":{"line":91,"column":0},"end":{"line":100,"column":2}}},"fnMap":{"0":{"name":"mapDispatchToProps","decl":{"start":{"line":6,"column":9},"end":{"line":6,"column":27}},"loc":{"start":{"line":6,"column":38},"end":{"line":10,"column":1}},"line":6},"1":{"name":"(anonymous_1)","decl":{"start":{"line":8,"column":19},"end":{"line":8,"column":20}},"loc":{"start":{"line":8,"column":30},"end":{"line":8,"column":67}},"line":8},"2":{"name":"(anonymous_2)","decl":{"start":{"line":12,"column":29},"end":{"line":12,"column":30}},"loc":{"start":{"line":13,"column":2},"end":{"line":16,"column":8}},"line":13},"3":{"name":"(anonymous_3)","decl":{"start":{"line":34,"column":2},"end":{"line":34,"column":3}},"loc":{"start":{"line":34,"column":21},"end":{"line":42,"column":3}},"line":34},"4":{"name":"(anonymous_4)","decl":{"start":{"line":44,"column":2},"end":{"line":44,"column":3}},"loc":{"start":{"line":44,"column":22},"end":{"line":46,"column":3}},"line":44},"5":{"name":"(anonymous_5)","decl":{"start":{"line":48,"column":2},"end":{"line":48,"column":3}},"loc":{"start":{"line":48,"column":21},"end":{"line":55,"column":3}},"line":48},"6":{"name":"(anonymous_6)","decl":{"start":{"line":57,"column":2},"end":{"line":57,"column":3}},"loc":{"start":{"line":57,"column":11},"end":{"line":73,"column":3}},"line":57},"7":{"name":"(anonymous_7)","decl":{"start":{"line":81,"column":19},"end":{"line":81,"column":20}},"loc":{"start":{"line":82,"column":2},"end":{"line":88,"column":8}},"line":82},"8":{"name":"(anonymous_8)","decl":{"start":{"line":84,"column":27},"end":{"line":84,"column":28}},"loc":{"start":{"line":85,"column":8},"end":{"line":85,"column":63}},"line":85}},"branchMap":{},"s":{"0":0,"1":0,"2":2,"3":2,"4":2,"5":2,"6":2,"7":2,"8":2,"9":2,"10":1,"11":1,"12":1,"13":1,"14":1,"15":1,"16":1,"17":4,"18":4,"19":2,"20":2,"21":2,"22":4,"23":2},"f":{"0":0,"1":0,"2":2,"3":2,"4":1,"5":1,"6":4,"7":2,"8":4},"b":{},"_coverageSchema":"43e27e138ebf9cfc5966b082cf9a028302ed4184","hash":"83e0f97486bdb484278631ed4c00b4928dc217e3"}
,"C:\\Users\\Mihai\\source\\OOP\\PokerPlanning\\src\\components\\session\\pokerBets\\gameControls.jsx": {"path":"C:\\Users\\Mihai\\source\\OOP\\PokerPlanning\\src\\components\\session\\pokerBets\\gameControls.jsx","statementMap":{"0":{"start":{"line":6,"column":27},"end":{"line":12,"column":2}},"1":{"start":{"line":6,"column":40},"end":{"line":12,"column":1}},"2":{"start":{"line":7,"column":28},"end":{"line":7,"column":61}},"3":{"start":{"line":8,"column":24},"end":{"line":8,"column":60}},"4":{"start":{"line":9,"column":22},"end":{"line":9,"column":56}},"5":{"start":{"line":10,"column":26},"end":{"line":10,"column":57}},"6":{"start":{"line":11,"column":22},"end":{"line":11,"column":56}},"7":{"start":{"line":14,"column":20},"end":{"line":29,"column":1}},"8":{"start":{"line":15,"column":2},"end":{"line":28,"column":4}},"9":{"start":{"line":21,"column":10},"end":{"line":21,"column":29}},"10":{"start":{"line":22,"column":10},"end":{"line":22,"column":54}},"11":{"start":{"line":31,"column":24},"end":{"line":44,"column":1}},"12":{"start":{"line":32,"column":2},"end":{"line":43,"column":4}},"13":{"start":{"line":37,"column":8},"end":{"line":37,"column":27}},"14":{"start":{"line":38,"column":8},"end":{"line":38,"column":34}},"15":{"start":{"line":46,"column":22},"end":{"line":60,"column":1}},"16":{"start":{"line":47,"column":2},"end":{"line":59,"column":4}},"17":{"start":{"line":52,"column":8},"end":{"line":52,"column":27}},"18":{"start":{"line":53,"column":8},"end":{"line":53,"column":44}},"19":{"start":{"line":54,"column":8},"end":{"line":54,"column":20}},"20":{"start":{"line":62,"column":25},"end":{"line":76,"column":1}},"21":{"start":{"line":63,"column":2},"end":{"line":75,"column":4}},"22":{"start":{"line":68,"column":8},"end":{"line":68,"column":27}},"23":{"start":{"line":69,"column":8},"end":{"line":69,"column":63}},"24":{"start":{"line":70,"column":8},"end":{"line":70,"column":30}},"25":{"start":{"line":78,"column":25},"end":{"line":92,"column":1}},"26":{"start":{"line":79,"column":2},"end":{"line":91,"column":4}},"27":{"start":{"line":84,"column":8},"end":{"line":84,"column":27}},"28":{"start":{"line":85,"column":8},"end":{"line":85,"column":20}},"29":{"start":{"line":86,"column":8},"end":{"line":86,"column":16}},"30":{"start":{"line":94,"column":24},"end":{"line":106,"column":1}},"31":{"start":{"line":95,"column":2},"end":{"line":105,"column":4}},"32":{"start":{"line":100,"column":8},"end":{"line":100,"column":27}},"33":{"start":{"line":108,"column":37},"end":{"line":135,"column":1}},"34":{"start":{"line":119,"column":2},"end":{"line":134,"column":4}},"35":{"start":{"line":137,"column":23},"end":{"line":140,"column":24}},"36":{"start":{"line":143,"column":0},"end":{"line":156,"column":2}},"37":{"start":{"line":158,"column":0},"end":{"line":160,"column":2}}},"fnMap":{"0":{"name":"(anonymous_0)","decl":{"start":{"line":6,"column":27},"end":{"line":6,"column":28}},"loc":{"start":{"line":6,"column":40},"end":{"line":12,"column":1}},"line":6},"1":{"name":"(anonymous_1)","decl":{"start":{"line":7,"column":20},"end":{"line":7,"column":21}},"loc":{"start":{"line":7,"column":28},"end":{"line":7,"column":61}},"line":7},"2":{"name":"(anonymous_2)","decl":{"start":{"line":8,"column":15},"end":{"line":8,"column":16}},"loc":{"start":{"line":8,"column":24},"end":{"line":8,"column":60}},"line":8},"3":{"name":"(anonymous_3)","decl":{"start":{"line":9,"column":13},"end":{"line":9,"column":14}},"loc":{"start":{"line":9,"column":22},"end":{"line":9,"column":56}},"line":9},"4":{"name":"(anonymous_4)","decl":{"start":{"line":10,"column":18},"end":{"line":10,"column":19}},"loc":{"start":{"line":10,"column":26},"end":{"line":10,"column":57}},"line":10},"5":{"name":"(anonymous_5)","decl":{"start":{"line":11,"column":14},"end":{"line":11,"column":15}},"loc":{"start":{"line":11,"column":22},"end":{"line":11,"column":56}},"line":11},"6":{"name":"(anonymous_6)","decl":{"start":{"line":14,"column":20},"end":{"line":14,"column":21}},"loc":{"start":{"line":14,"column":40},"end":{"line":29,"column":1}},"line":14},"7":{"name":"(anonymous_7)","decl":{"start":{"line":20,"column":17},"end":{"line":20,"column":18}},"loc":{"start":{"line":20,"column":22},"end":{"line":23,"column":9}},"line":20},"8":{"name":"(anonymous_8)","decl":{"start":{"line":31,"column":24},"end":{"line":31,"column":25}},"loc":{"start":{"line":31,"column":37},"end":{"line":44,"column":1}},"line":31},"9":{"name":"(anonymous_9)","decl":{"start":{"line":36,"column":15},"end":{"line":36,"column":16}},"loc":{"start":{"line":36,"column":20},"end":{"line":39,"column":7}},"line":36},"10":{"name":"(anonymous_10)","decl":{"start":{"line":46,"column":22},"end":{"line":46,"column":23}},"loc":{"start":{"line":46,"column":53},"end":{"line":60,"column":1}},"line":46},"11":{"name":"(anonymous_11)","decl":{"start":{"line":51,"column":15},"end":{"line":51,"column":16}},"loc":{"start":{"line":51,"column":20},"end":{"line":55,"column":7}},"line":51},"12":{"name":"(anonymous_12)","decl":{"start":{"line":62,"column":25},"end":{"line":62,"column":26}},"loc":{"start":{"line":62,"column":65},"end":{"line":76,"column":1}},"line":62},"13":{"name":"(anonymous_13)","decl":{"start":{"line":67,"column":15},"end":{"line":67,"column":16}},"loc":{"start":{"line":67,"column":20},"end":{"line":71,"column":7}},"line":67},"14":{"name":"(anonymous_14)","decl":{"start":{"line":78,"column":25},"end":{"line":78,"column":26}},"loc":{"start":{"line":78,"column":47},"end":{"line":92,"column":1}},"line":78},"15":{"name":"(anonymous_15)","decl":{"start":{"line":83,"column":15},"end":{"line":83,"column":16}},"loc":{"start":{"line":83,"column":20},"end":{"line":87,"column":7}},"line":83},"16":{"name":"(anonymous_16)","decl":{"start":{"line":94,"column":24},"end":{"line":94,"column":25}},"loc":{"start":{"line":94,"column":30},"end":{"line":106,"column":1}},"line":94},"17":{"name":"(anonymous_17)","decl":{"start":{"line":99,"column":15},"end":{"line":99,"column":16}},"loc":{"start":{"line":99,"column":20},"end":{"line":101,"column":7}},"line":99},"18":{"name":"(anonymous_18)","decl":{"start":{"line":108,"column":37},"end":{"line":108,"column":38}},"loc":{"start":{"line":118,"column":6},"end":{"line":135,"column":1}},"line":118}},"branchMap":{"0":{"loc":{"start":{"line":121,"column":7},"end":{"line":132,"column":7}},"type":"cond-expr","locations":[{"start":{"line":122,"column":8},"end":{"line":122,"column":37}},{"start":{"line":124,"column":8},"end":{"line":131,"column":14}}],"line":121},"1":{"loc":{"start":{"line":125,"column":11},"end":{"line":127,"column":70}},"type":"cond-expr","locations":[{"start":{"line":126,"column":14},"end":{"line":126,"column":40}},{"start":{"line":127,"column":14},"end":{"line":127,"column":70}}],"line":125},"2":{"loc":{"start":{"line":127,"column":14},"end":{"line":127,"column":70}},"type":"binary-expr","locations":[{"start":{"line":127,"column":14},"end":{"line":127,"column":26}},{"start":{"line":127,"column":30},"end":{"line":127,"column":70}}],"line":127},"3":{"loc":{"start":{"line":129,"column":11},"end":{"line":129,"column":66}},"type":"binary-expr","locations":[{"start":{"line":129,"column":11},"end":{"line":129,"column":23}},{"start":{"line":129,"column":27},"end":{"line":129,"column":66}}],"line":129}},"s":{"0":2,"1":0,"2":0,"3":0,"4":0,"5":0,"6":0,"7":2,"8":7,"9":1,"10":1,"11":2,"12":3,"13":0,"14":0,"15":2,"16":2,"17":1,"18":1,"19":1,"20":2,"21":7,"22":1,"23":1,"24":1,"25":2,"26":5,"27":1,"28":1,"29":1,"30":2,"31":7,"32":0,"33":2,"34":14,"35":2,"36":2,"37":2},"f":{"0":0,"1":0,"2":0,"3":0,"4":0,"5":0,"6":7,"7":1,"8":3,"9":0,"10":2,"11":1,"12":7,"13":1,"14":5,"15":1,"16":7,"17":0,"18":14},"b":{"0":[7,7],"1":[3,4],"2":[4,2],"3":[7,5]},"_coverageSchema":"43e27e138ebf9cfc5966b082cf9a028302ed4184","hash":"7d111f147cf0d58c18b6ff4507c9b8cb5a7f6671"}
,"C:\\Users\\Mihai\\source\\OOP\\PokerPlanning\\src\\components\\session\\pokerBets\\members.jsx": {"path":"C:\\Users\\Mihai\\source\\OOP\\PokerPlanning\\src\\components\\session\\pokerBets\\members.jsx","statementMap":{"0":{"start":{"line":4,"column":16},"end":{"line":25,"column":1}},"1":{"start":{"line":5,"column":2},"end":{"line":24,"column":8}},"2":{"start":{"line":7,"column":6},"end":{"line":22,"column":12}},"3":{"start":{"line":16,"column":35},"end":{"line":16,"column":57}},"4":{"start":{"line":27,"column":0},"end":{"line":40,"column":2}}},"fnMap":{"0":{"name":"(anonymous_0)","decl":{"start":{"line":4,"column":16},"end":{"line":4,"column":17}},"loc":{"start":{"line":5,"column":2},"end":{"line":24,"column":8}},"line":5},"1":{"name":"(anonymous_1)","decl":{"start":{"line":6,"column":17},"end":{"line":6,"column":18}},"loc":{"start":{"line":7,"column":6},"end":{"line":22,"column":12}},"line":7},"2":{"name":"(anonymous_2)","decl":{"start":{"line":16,"column":30},"end":{"line":16,"column":31}},"loc":{"start":{"line":16,"column":35},"end":{"line":16,"column":57}},"line":16}},"branchMap":{"0":{"loc":{"start":{"line":11,"column":9},"end":{"line":21,"column":9}},"type":"cond-expr","locations":[{"start":{"line":12,"column":10},"end":{"line":12,"column":73}},{"start":{"line":14,"column":10},"end":{"line":20,"column":16}}],"line":11},"1":{"loc":{"start":{"line":12,"column":33},"end":{"line":12,"column":66}},"type":"binary-expr","locations":[{"start":{"line":12,"column":33},"end":{"line":12,"column":43}},{"start":{"line":12,"column":47},"end":{"line":12,"column":66}}],"line":12},"2":{"loc":{"start":{"line":15,"column":13},"end":{"line":19,"column":13}},"type":"cond-expr","locations":[{"start":{"line":16,"column":14},"end":{"line":16,"column":64}},{"start":{"line":18,"column":14},"end":{"line":18,"column":28}}],"line":15}},"s":{"0":2,"1":7,"2":14,"3":2,"4":2},"f":{"0":7,"1":14,"2":2},"b":{"0":[10,4],"1":[10,5],"2":[2,2]},"_coverageSchema":"43e27e138ebf9cfc5966b082cf9a028302ed4184","hash":"311e34f62050d504f281f1cabe3ced725240395e"}
,"C:\\Users\\Mihai\\source\\OOP\\PokerPlanning\\src\\components\\session\\pokerBets\\pokerBets.jsx": {"path":"C:\\Users\\Mihai\\source\\OOP\\PokerPlanning\\src\\components\\session\\pokerBets\\pokerBets.jsx","statementMap":{"0":{"start":{"line":11,"column":4},"end":{"line":11,"column":17}},"1":{"start":{"line":12,"column":4},"end":{"line":15,"column":6}},"2":{"start":{"line":17,"column":4},"end":{"line":17,"column":41}},"3":{"start":{"line":18,"column":4},"end":{"line":18,"column":49}},"4":{"start":{"line":19,"column":4},"end":{"line":19,"column":47}},"5":{"start":{"line":23,"column":22},"end":{"line":23,"column":32}},"6":{"start":{"line":24,"column":4},"end":{"line":26,"column":5}},"7":{"start":{"line":25,"column":6},"end":{"line":25,"column":39}},"8":{"start":{"line":30,"column":4},"end":{"line":30,"column":59}},"9":{"start":{"line":30,"column":15},"end":{"line":30,"column":59}},"10":{"start":{"line":34,"column":4},"end":{"line":34,"column":30}},"11":{"start":{"line":38,"column":22},"end":{"line":38,"column":32}},"12":{"start":{"line":39,"column":17},"end":{"line":39,"column":66}},"13":{"start":{"line":40,"column":4},"end":{"line":40,"column":74}},"14":{"start":{"line":44,"column":22},"end":{"line":44,"column":32}},"15":{"start":{"line":45,"column":24},"end":{"line":45,"column":34}},"16":{"start":{"line":46,"column":20},"end":{"line":46,"column":30}},"17":{"start":{"line":48,"column":24},"end":{"line":48,"column":34}},"18":{"start":{"line":49,"column":24},"end":{"line":49,"column":34}},"19":{"start":{"line":51,"column":4},"end":{"line":76,"column":6}},"20":{"start":{"line":80,"column":0},"end":{"line":97,"column":2}}},"fnMap":{"0":{"name":"(anonymous_0)","decl":{"start":{"line":10,"column":2},"end":{"line":10,"column":3}},"loc":{"start":{"line":10,"column":21},"end":{"line":20,"column":3}},"line":10},"1":{"name":"(anonymous_1)","decl":{"start":{"line":22,"column":2},"end":{"line":22,"column":3}},"loc":{"start":{"line":22,"column":32},"end":{"line":27,"column":3}},"line":22},"2":{"name":"(anonymous_2)","decl":{"start":{"line":29,"column":2},"end":{"line":29,"column":3}},"loc":{"start":{"line":29,"column":20},"end":{"line":31,"column":3}},"line":29},"3":{"name":"(anonymous_3)","decl":{"start":{"line":33,"column":2},"end":{"line":33,"column":3}},"loc":{"start":{"line":33,"column":14},"end":{"line":35,"column":3}},"line":33},"4":{"name":"(anonymous_4)","decl":{"start":{"line":37,"column":2},"end":{"line":37,"column":3}},"loc":{"start":{"line":37,"column":11},"end":{"line":41,"column":3}},"line":37},"5":{"name":"(anonymous_5)","decl":{"start":{"line":43,"column":2},"end":{"line":43,"column":3}},"loc":{"start":{"line":43,"column":11},"end":{"line":77,"column":3}},"line":43}},"branchMap":{"0":{"loc":{"start":{"line":24,"column":4},"end":{"line":26,"column":5}},"type":"if","locations":[{"start":{"line":24,"column":4},"end":{"line":26,"column":5}},{"start":{"line":24,"column":4},"end":{"line":26,"column":5}}],"line":24},"1":{"loc":{"start":{"line":30,"column":4},"end":{"line":30,"column":59}},"type":"if","locations":[{"start":{"line":30,"column":4},"end":{"line":30,"column":59}},{"start":{"line":30,"column":4},"end":{"line":30,"column":59}}],"line":30},"2":{"loc":{"start":{"line":63,"column":13},"end":{"line":63,"column":58}},"type":"cond-expr","locations":[{"start":{"line":63,"column":28},"end":{"line":63,"column":42}},{"start":{"line":63,"column":45},"end":{"line":63,"column":58}}],"line":63},"3":{"loc":{"start":{"line":64,"column":13},"end":{"line":64,"column":51}},"type":"cond-expr","locations":[{"start":{"line":64,"column":28},"end":{"line":64,"column":41}},{"start":{"line":64,"column":44},"end":{"line":64,"column":51}}],"line":64}},"s":{"0":6,"1":6,"2":6,"3":6,"4":6,"5":23,"6":23,"7":7,"8":14,"9":7,"10":3,"11":16,"12":16,"13":16,"14":29,"15":29,"16":29,"17":29,"18":29,"19":29,"20":1},"f":{"0":6,"1":23,"2":14,"3":3,"4":16,"5":29},"b":{"0":[7,16],"1":[7,7],"2":[27,2],"3":[16,13]},"_coverageSchema":"43e27e138ebf9cfc5966b082cf9a028302ed4184","hash":"dcc85e3ed70dcf624b3fa3cfc17638bebdfa434f"}
,"C:\\Users\\Mihai\\source\\OOP\\PokerPlanning\\src\\components\\session\\pokerBets\\statusMessage.jsx": {"path":"C:\\Users\\Mihai\\source\\OOP\\PokerPlanning\\src\\components\\session\\pokerBets\\statusMessage.jsx","statementMap":{"0":{"start":{"line":4,"column":22},"end":{"line":25,"column":1}},"1":{"start":{"line":5,"column":17},"end":{"line":5,"column":44}},"2":{"start":{"line":5,"column":35},"end":{"line":5,"column":43}},"3":{"start":{"line":6,"column":2},"end":{"line":24,"column":4}},"4":{"start":{"line":29,"column":0},"end":{"line":39,"column":2}},"5":{"start":{"line":41,"column":0},"end":{"line":44,"column":2}}},"fnMap":{"0":{"name":"(anonymous_0)","decl":{"start":{"line":4,"column":22},"end":{"line":4,"column":23}},"loc":{"start":{"line":4,"column":57},"end":{"line":25,"column":1}},"line":4},"1":{"name":"(anonymous_1)","decl":{"start":{"line":5,"column":30},"end":{"line":5,"column":31}},"loc":{"start":{"line":5,"column":35},"end":{"line":5,"column":43}},"line":5}},"branchMap":{"0":{"loc":{"start":{"line":8,"column":7},"end":{"line":22,"column":7}},"type":"cond-expr","locations":[{"start":{"line":9,"column":8},"end":{"line":9,"column":39}},{"start":{"line":11,"column":8},"end":{"line":21,"column":14}}],"line":8},"1":{"loc":{"start":{"line":12,"column":11},"end":{"line":20,"column":11}},"type":"cond-expr","locations":[{"start":{"line":13,"column":12},"end":{"line":13,"column":50}},{"start":{"line":15,"column":12},"end":{"line":19,"column":18}}],"line":12},"2":{"loc":{"start":{"line":12,"column":11},"end":{"line":12,"column":26}},"type":"binary-expr","locations":[{"start":{"line":12,"column":11},"end":{"line":12,"column":17}},{"start":{"line":12,"column":21},"end":{"line":12,"column":26}}],"line":12},"3":{"loc":{"start":{"line":16,"column":15},"end":{"line":18,"column":42}},"type":"cond-expr","locations":[{"start":{"line":17,"column":18},"end":{"line":17,"column":53}},{"start":{"line":18,"column":18},"end":{"line":18,"column":42}}],"line":16}},"s":{"0":2,"1":7,"2":7,"3":7,"4":2,"5":2},"f":{"0":7,"1":7},"b":{"0":[2,5],"1":[3,2],"2":[5,5],"3":[1,1]},"_coverageSchema":"43e27e138ebf9cfc5966b082cf9a028302ed4184","hash":"4df84d66e695a38dfe79b0e05c68b7a4672d6279"}
,"C:\\Users\\Mihai\\source\\OOP\\PokerPlanning\\src\\components\\session\\pokerTable\\card.jsx": {"path":"C:\\Users\\Mihai\\source\\OOP\\PokerPlanning\\src\\components\\session\\pokerTable\\card.jsx","statementMap":{"0":{"start":{"line":7,"column":27},"end":{"line":13,"column":2}},"1":{"start":{"line":7,"column":40},"end":{"line":13,"column":1}},"2":{"start":{"line":9,"column":4},"end":{"line":12,"column":54}},"3":{"start":{"line":15,"column":24},"end":{"line":17,"column":1}},"4":{"start":{"line":16,"column":2},"end":{"line":16,"column":78}},"5":{"start":{"line":19,"column":29},"end":{"line":36,"column":1}},"6":{"start":{"line":20,"column":2},"end":{"line":35,"column":8}},"7":{"start":{"line":31,"column":8},"end":{"line":31,"column":27}},"8":{"start":{"line":32,"column":8},"end":{"line":32,"column":62}},"9":{"start":{"line":38,"column":0},"end":{"line":43,"column":2}},"10":{"start":{"line":45,"column":0},"end":{"line":47,"column":2}},"11":{"start":{"line":49,"column":14},"end":{"line":52,"column":16}}},"fnMap":{"0":{"name":"(anonymous_0)","decl":{"start":{"line":7,"column":27},"end":{"line":7,"column":28}},"loc":{"start":{"line":7,"column":40},"end":{"line":13,"column":1}},"line":7},"1":{"name":"(anonymous_1)","decl":{"start":{"line":8,"column":14},"end":{"line":8,"column":15}},"loc":{"start":{"line":9,"column":4},"end":{"line":12,"column":54}},"line":9},"2":{"name":"(anonymous_2)","decl":{"start":{"line":15,"column":24},"end":{"line":15,"column":25}},"loc":{"start":{"line":15,"column":33},"end":{"line":17,"column":1}},"line":15},"3":{"name":"(anonymous_3)","decl":{"start":{"line":19,"column":29},"end":{"line":19,"column":30}},"loc":{"start":{"line":20,"column":2},"end":{"line":35,"column":8}},"line":20},"4":{"name":"(anonymous_4)","decl":{"start":{"line":30,"column":15},"end":{"line":30,"column":16}},"loc":{"start":{"line":30,"column":20},"end":{"line":33,"column":7}},"line":30}},"branchMap":{"0":{"loc":{"start":{"line":9,"column":4},"end":{"line":12,"column":54}},"type":"cond-expr","locations":[{"start":{"line":10,"column":9},"end":{"line":11,"column":71}},{"start":{"line":12,"column":8},"end":{"line":12,"column":54}}],"line":9}},"s":{"0":1,"1":0,"2":0,"3":1,"4":0,"5":1,"6":2,"7":1,"8":1,"9":1,"10":1,"11":1},"f":{"0":0,"1":0,"2":0,"3":2,"4":1},"b":{"0":[0,0]},"_coverageSchema":"43e27e138ebf9cfc5966b082cf9a028302ed4184","hash":"ca6cc7c1c35b1060ab755859461392b913428a5a"}
,"C:\\Users\\Mihai\\source\\OOP\\PokerPlanning\\src\\reducers\\logReducer.js": {"path":"C:\\Users\\Mihai\\source\\OOP\\PokerPlanning\\src\\reducers\\logReducer.js","statementMap":{"0":{"start":{"line":10,"column":21},"end":{"line":12,"column":1}},"1":{"start":{"line":15,"column":2},"end":{"line":17,"column":3}},"2":{"start":{"line":16,"column":4},"end":{"line":16,"column":43}},"3":{"start":{"line":18,"column":2},"end":{"line":20,"column":3}},"4":{"start":{"line":19,"column":4},"end":{"line":19,"column":43}},"5":{"start":{"line":21,"column":2},"end":{"line":28,"column":3}},"6":{"start":{"line":22,"column":19},"end":{"line":22,"column":64}},"7":{"start":{"line":23,"column":4},"end":{"line":27,"column":6}},"8":{"start":{"line":30,"column":2},"end":{"line":37,"column":3}},"9":{"start":{"line":31,"column":21},"end":{"line":31,"column":35}},"10":{"start":{"line":32,"column":22},"end":{"line":32,"column":36}},"11":{"start":{"line":33,"column":4},"end":{"line":36,"column":6}},"12":{"start":{"line":35,"column":39},"end":{"line":35,"column":78}},"13":{"start":{"line":38,"column":2},"end":{"line":43,"column":3}},"14":{"start":{"line":39,"column":4},"end":{"line":42,"column":6}},"15":{"start":{"line":41,"column":39},"end":{"line":41,"column":61}},"16":{"start":{"line":45,"column":2},"end":{"line":50,"column":3}},"17":{"start":{"line":46,"column":4},"end":{"line":49,"column":6}},"18":{"start":{"line":52,"column":2},"end":{"line":52,"column":15}}},"fnMap":{"0":{"name":"(anonymous_0)","decl":{"start":{"line":14,"column":15},"end":{"line":14,"column":16}},"loc":{"start":{"line":14,"column":54},"end":{"line":53,"column":1}},"line":14},"1":{"name":"(anonymous_1)","decl":{"start":{"line":35,"column":33},"end":{"line":35,"column":34}},"loc":{"start":{"line":35,"column":39},"end":{"line":35,"column":78}},"line":35},"2":{"name":"(anonymous_2)","decl":{"start":{"line":41,"column":33},"end":{"line":41,"column":34}},"loc":{"start":{"line":41,"column":39},"end":{"line":41,"column":61}},"line":41}},"branchMap":{"0":{"loc":{"start":{"line":14,"column":24},"end":{"line":14,"column":44}},"type":"default-arg","locations":[{"start":{"line":14,"column":32},"end":{"line":14,"column":44}}],"line":14},"1":{"loc":{"start":{"line":15,"column":2},"end":{"line":17,"column":3}},"type":"if","locations":[{"start":{"line":15,"column":2},"end":{"line":17,"column":3}},{"start":{"line":15,"column":2},"end":{"line":17,"column":3}}],"line":15},"2":{"loc":{"start":{"line":18,"column":2},"end":{"line":20,"column":3}},"type":"if","locations":[{"start":{"line":18,"column":2},"end":{"line":20,"column":3}},{"start":{"line":18,"column":2},"end":{"line":20,"column":3}}],"line":18},"3":{"loc":{"start":{"line":21,"column":2},"end":{"line":28,"column":3}},"type":"if","locations":[{"start":{"line":21,"column":2},"end":{"line":28,"column":3}},{"start":{"line":21,"column":2},"end":{"line":28,"column":3}}],"line":21},"4":{"loc":{"start":{"line":30,"column":2},"end":{"line":37,"column":3}},"type":"if","locations":[{"start":{"line":30,"column":2},"end":{"line":37,"column":3}},{"start":{"line":30,"column":2},"end":{"line":37,"column":3}}],"line":30},"5":{"loc":{"start":{"line":35,"column":39},"end":{"line":35,"column":78}},"type":"cond-expr","locations":[{"start":{"line":35,"column":59},"end":{"line":35,"column":74}},{"start":{"line":35,"column":77},"end":{"line":35,"column":78}}],"line":35},"6":{"loc":{"start":{"line":38,"column":2},"end":{"line":43,"column":3}},"type":"if","locations":[{"start":{"line":38,"column":2},"end":{"line":43,"column":3}},{"start":{"line":38,"column":2},"end":{"line":43,"column":3}}],"line":38},"7":{"loc":{"start":{"line":45,"column":2},"end":{"line":50,"column":3}},"type":"if","locations":[{"start":{"line":45,"column":2},"end":{"line":50,"column":3}},{"start":{"line":45,"column":2},"end":{"line":50,"column":3}}],"line":45}},"s":{"0":1,"1":5,"2":1,"3":4,"4":1,"5":3,"6":1,"7":1,"8":2,"9":1,"10":1,"11":1,"12":2,"13":1,"14":1,"15":3,"16":0,"17":0,"18":0},"f":{"0":5,"1":2,"2":3},"b":{"0":[0],"1":[1,4],"2":[1,3],"3":[1,2],"4":[1,1],"5":[1,1],"6":[1,0],"7":[0,0]},"_coverageSchema":"43e27e138ebf9cfc5966b082cf9a028302ed4184","hash":"54569a910d6b7957d08e1bd64cc6888d2d19d8c4"}
,"C:\\Users\\Mihai\\source\\OOP\\PokerPlanning\\src\\reducers\\mesaggesReducer.js": {"path":"C:\\Users\\Mihai\\source\\OOP\\PokerPlanning\\src\\reducers\\mesaggesReducer.js","statementMap":{"0":{"start":{"line":3,"column":21},"end":{"line":5,"column":1}},"1":{"start":{"line":8,"column":2},"end":{"line":18,"column":3}},"2":{"start":{"line":9,"column":20},"end":{"line":12,"column":5}},"3":{"start":{"line":13,"column":4},"end":{"line":17,"column":6}},"4":{"start":{"line":19,"column":2},"end":{"line":30,"column":3}},"5":{"start":{"line":20,"column":20},"end":{"line":24,"column":5}},"6":{"start":{"line":25,"column":4},"end":{"line":29,"column":6}},"7":{"start":{"line":32,"column":2},"end":{"line":32,"column":15}}},"fnMap":{"0":{"name":"(anonymous_0)","decl":{"start":{"line":7,"column":15},"end":{"line":7,"column":16}},"loc":{"start":{"line":7,"column":54},"end":{"line":33,"column":1}},"line":7}},"branchMap":{"0":{"loc":{"start":{"line":7,"column":24},"end":{"line":7,"column":44}},"type":"default-arg","locations":[{"start":{"line":7,"column":32},"end":{"line":7,"column":44}}],"line":7},"1":{"loc":{"start":{"line":8,"column":2},"end":{"line":18,"column":3}},"type":"if","locations":[{"start":{"line":8,"column":2},"end":{"line":18,"column":3}},{"start":{"line":8,"column":2},"end":{"line":18,"column":3}}],"line":8},"2":{"loc":{"start":{"line":19,"column":2},"end":{"line":30,"column":3}},"type":"if","locations":[{"start":{"line":19,"column":2},"end":{"line":30,"column":3}},{"start":{"line":19,"column":2},"end":{"line":30,"column":3}}],"line":19}},"s":{"0":1,"1":2,"2":1,"3":1,"4":1,"5":1,"6":1,"7":0},"f":{"0":2},"b":{"0":[0],"1":[1,1],"2":[1,0]},"_coverageSchema":"43e27e138ebf9cfc5966b082cf9a028302ed4184","hash":"7905810c37006ccc8938cdbeb7cc126b98841780"}
,"C:\\Users\\Mihai\\source\\OOP\\PokerPlanning\\src\\reducers\\voteReducer.js": {"path":"C:\\Users\\Mihai\\source\\OOP\\PokerPlanning\\src\\reducers\\voteReducer.js","statementMap":{"0":{"start":{"line":3,"column":21},"end":{"line":5,"column":1}},"1":{"start":{"line":8,"column":2},"end":{"line":25,"column":3}},"2":{"start":{"line":9,"column":21},"end":{"line":9,"column":35}},"3":{"start":{"line":10,"column":22},"end":{"line":10,"column":36}},"4":{"start":{"line":11,"column":25},"end":{"line":11,"column":62}},"5":{"start":{"line":11,"column":46},"end":{"line":11,"column":61}},"6":{"start":{"line":12,"column":17},"end":{"line":15,"column":5}},"7":{"start":{"line":16,"column":4},"end":{"line":21,"column":8}},"8":{"start":{"line":17,"column":6},"end":{"line":21,"column":8}},"9":{"start":{"line":22,"column":24},"end":{"line":22,"column":50}},"10":{"start":{"line":23,"column":20},"end":{"line":23,"column":59}},"11":{"start":{"line":23,"column":43},"end":{"line":23,"column":58}},"12":{"start":{"line":24,"column":4},"end":{"line":24,"column":57}},"13":{"start":{"line":27,"column":2},"end":{"line":29,"column":3}},"14":{"start":{"line":28,"column":4},"end":{"line":28,"column":43}},"15":{"start":{"line":31,"column":2},"end":{"line":33,"column":3}},"16":{"start":{"line":32,"column":4},"end":{"line":32,"column":43}},"17":{"start":{"line":35,"column":2},"end":{"line":37,"column":3}},"18":{"start":{"line":36,"column":4},"end":{"line":36,"column":43}},"19":{"start":{"line":39,"column":2},"end":{"line":39,"column":15}}},"fnMap":{"0":{"name":"(anonymous_0)","decl":{"start":{"line":7,"column":15},"end":{"line":7,"column":16}},"loc":{"start":{"line":7,"column":54},"end":{"line":40,"column":1}},"line":7},"1":{"name":"(anonymous_1)","decl":{"start":{"line":11,"column":41},"end":{"line":11,"column":42}},"loc":{"start":{"line":11,"column":46},"end":{"line":11,"column":61}},"line":11},"2":{"name":"(anonymous_2)","decl":{"start":{"line":23,"column":38},"end":{"line":23,"column":39}},"loc":{"start":{"line":23,"column":43},"end":{"line":23,"column":58}},"line":23}},"branchMap":{"0":{"loc":{"start":{"line":7,"column":24},"end":{"line":7,"column":44}},"type":"default-arg","locations":[{"start":{"line":7,"column":32},"end":{"line":7,"column":44}}],"line":7},"1":{"loc":{"start":{"line":8,"column":2},"end":{"line":25,"column":3}},"type":"if","locations":[{"start":{"line":8,"column":2},"end":{"line":25,"column":3}},{"start":{"line":8,"column":2},"end":{"line":25,"column":3}}],"line":8},"2":{"loc":{"start":{"line":16,"column":4},"end":{"line":21,"column":8}},"type":"if","locations":[{"start":{"line":16,"column":4},"end":{"line":21,"column":8}},{"start":{"line":16,"column":4},"end":{"line":21,"column":8}}],"line":16},"3":{"loc":{"start":{"line":27,"column":2},"end":{"line":29,"column":3}},"type":"if","locations":[{"start":{"line":27,"column":2},"end":{"line":29,"column":3}},{"start":{"line":27,"column":2},"end":{"line":29,"column":3}}],"line":27},"4":{"loc":{"start":{"line":31,"column":2},"end":{"line":33,"column":3}},"type":"if","locations":[{"start":{"line":31,"column":2},"end":{"line":33,"column":3}},{"start":{"line":31,"column":2},"end":{"line":33,"column":3}}],"line":31},"5":{"loc":{"start":{"line":35,"column":2},"end":{"line":37,"column":3}},"type":"if","locations":[{"start":{"line":35,"column":2},"end":{"line":37,"column":3}},{"start":{"line":35,"column":2},"end":{"line":37,"column":3}}],"line":35}},"s":{"0":1,"1":5,"2":2,"3":2,"4":2,"5":2,"6":2,"7":2,"8":1,"9":1,"10":1,"11":1,"12":1,"13":3,"14":1,"15":2,"16":1,"17":1,"18":1,"19":0},"f":{"0":5,"1":2,"2":1},"b":{"0":[0],"1":[2,3],"2":[1,1],"3":[1,2],"4":[1,1],"5":[1,0]},"_coverageSchema":"43e27e138ebf9cfc5966b082cf9a028302ed4184","hash":"69b737e45a7eb2b95d94ec4ee18b3e2113c6ef41"}
}
