TN:
SF:C:\Users\Mihai\source\OOP\PokerPlanning\src\actions\roomActions.js
FN:18,login
FN:19,(anonymous_1)
FN:31,startGame
FN:38,addVote
FN:42,addStory
FN:43,(anonymous_5)
FN:56,deleteStory
FN:63,editStory
FN:64,(anonymous_8)
FN:77,addMessage
FN:84,memberVoted
FN:91,flipCards
FN:98,deleteVotes
FN:105,endGame
FN:112,resetTimer
FNF:15
FNH:9
FNDA:1,login
FNDA:1,(anonymous_1)
FNDA:1,startGame
FNDA:3,addVote
FNDA:0,addStory
FNDA:0,(anonymous_5)
FNDA:0,deleteStory
FNDA:0,editStory
FNDA:0,(anonymous_8)
FNDA:1,addMessage
FNDA:1,memberVoted
FNDA:1,flipCards
FNDA:2,deleteVotes
FNDA:1,endGame
FNDA:0,resetTimer
DA:19,1
DA:20,1
DA:24,0
DA:32,1
DA:39,3
DA:43,0
DA:44,0
DA:45,0
DA:46,0
DA:52,0
DA:57,0
DA:64,0
DA:65,0
DA:66,0
DA:67,0
DA:73,0
DA:78,1
DA:85,1
DA:92,1
DA:99,2
DA:106,1
DA:113,0
LF:22
LH:9
BRDA:45,0,0,0
BRDA:45,0,1,0
BRDA:66,1,0,0
BRDA:66,1,1,0
BRF:4
BRH:0
end_of_record
TN:
SF:C:\Users\Mihai\source\OOP\PokerPlanning\src\actions\toastsActions.js
FN:4,addToast
FN:13,removeToast
FNF:2
FNH:0
FNDA:0,addToast
FNDA:0,removeToast
DA:3,5
DA:5,0
DA:6,0
DA:14,0
LF:4
LH:1
BRF:0
BRH:0
end_of_record
TN:
SF:C:\Users\Mihai\source\OOP\PokerPlanning\src\actions\types.js
FNF:0
FNH:0
DA:1,14
DA:2,14
DA:3,14
DA:4,14
DA:5,14
DA:6,14
DA:7,14
DA:8,14
DA:9,14
DA:10,14
DA:11,14
DA:12,14
DA:13,14
DA:14,14
DA:15,14
DA:16,14
LF:16
LH:16
BRF:0
BRH:0
end_of_record
TN:
SF:C:\Users\Mihai\source\OOP\PokerPlanning\src\components\editableText.jsx
FN:5,(anonymous_0)
FN:15,(anonymous_1)
FN:20,(anonymous_2)
FN:24,(anonymous_3)
FN:28,(anonymous_4)
FN:32,(anonymous_5)
FN:44,(anonymous_6)
FN:56,(anonymous_7)
FN:69,(anonymous_8)
FNF:9
FNH:8
FNDA:4,(anonymous_0)
FNDA:2,(anonymous_1)
FNDA:1,(anonymous_2)
FNDA:5,(anonymous_3)
FNDA:1,(anonymous_4)
FNDA:0,(anonymous_5)
FNDA:3,(anonymous_6)
FNDA:1,(anonymous_7)
FNDA:8,(anonymous_8)
DA:6,4
DA:7,4
DA:8,4
DA:10,4
DA:11,4
DA:12,4
DA:16,2
DA:17,2
DA:21,1
DA:25,5
DA:29,1
DA:30,1
DA:33,0
DA:34,0
DA:45,3
DA:57,1
DA:58,1
DA:59,1
DA:60,1
DA:70,8
DA:71,8
DA:72,8
DA:73,8
DA:75,8
DA:79,2
LF:25
LH:23
BRDA:34,0,0,0
BRDA:34,0,1,0
BRDA:75,1,0,3
BRDA:75,1,1,5
BRF:4
BRH:2
end_of_record
TN:
SF:C:\Users\Mihai\source\OOP\PokerPlanning\src\components\modals.jsx
FN:7,(anonymous_0)
FN:15,(anonymous_1)
FN:18,(anonymous_2)
FN:24,(anonymous_3)
FN:32,(anonymous_4)
FN:37,(anonymous_5)
FNF:6
FNH:1
FNDA:9,(anonymous_0)
FNDA:0,(anonymous_1)
FNDA:0,(anonymous_2)
FNDA:0,(anonymous_3)
FNDA:0,(anonymous_4)
FNDA:0,(anonymous_5)
DA:7,4
DA:8,9
DA:15,4
DA:16,0
DA:19,0
DA:20,0
DA:24,0
DA:32,4
DA:36,4
DA:37,4
DA:38,0
DA:39,0
DA:40,0
DA:41,0
DA:50,4
DA:56,4
DA:60,4
DA:72,4
LF:18
LH:10
BRF:0
BRH:0
end_of_record
TN:
SF:C:\Users\Mihai\source\OOP\PokerPlanning\src\components\login\login.jsx
FN:6,mapDispatchToProps
FN:8,(anonymous_1)
FN:13,(anonymous_2)
FN:24,(anonymous_3)
FN:31,(anonymous_4)
FN:35,(anonymous_5)
FN:39,(anonymous_6)
FN:77,(anonymous_7)
FNF:8
FNH:3
FNDA:0,mapDispatchToProps
FNDA:0,(anonymous_1)
FNDA:2,(anonymous_2)
FNDA:1,(anonymous_3)
FNDA:0,(anonymous_4)
FNDA:0,(anonymous_5)
FNDA:2,(anonymous_6)
FNDA:0,(anonymous_7)
DA:7,0
DA:8,0
DA:14,2
DA:15,2
DA:19,2
DA:20,2
DA:21,2
DA:25,1
DA:26,1
DA:27,1
DA:28,1
DA:32,0
DA:36,0
DA:40,2
DA:78,0
DA:90,1
DA:94,1
LF:17
LH:12
BRF:0
BRH:0
end_of_record
TN:
SF:C:\Users\Mihai\source\OOP\PokerPlanning\src\components\session\sessionInfo.jsx
FN:7,(anonymous_0)
FN:8,(anonymous_1)
FN:11,(anonymous_2)
FN:12,(anonymous_3)
FNF:4
FNH:1
FNDA:0,(anonymous_0)
FNDA:0,(anonymous_1)
FNDA:3,(anonymous_2)
FNDA:0,(anonymous_3)
DA:7,1
DA:8,0
DA:11,1
DA:12,3
DA:13,0
DA:14,3
DA:30,1
DA:38,1
LF:8
LH:6
BRDA:20,0,0,3
BRDA:20,0,1,1
BRF:2
BRH:2
end_of_record
TN:
SF:C:\Users\Mihai\source\OOP\PokerPlanning\src\components\session\stories.jsx
FN:9,mapDispatchToProps
FN:11,(anonymous_1)
FN:12,(anonymous_2)
FN:17,(anonymous_3)
FN:23,(anonymous_4)
FN:27,(anonymous_5)
FN:55,(anonymous_6)
FN:68,(anonymous_7)
FNF:8
FNH:5
FNDA:0,mapDispatchToProps
FNDA:0,(anonymous_1)
FNDA:0,(anonymous_2)
FNDA:2,(anonymous_3)
FNDA:1,(anonymous_4)
FNDA:3,(anonymous_5)
FNDA:1,(anonymous_6)
FNDA:3,(anonymous_7)
DA:10,0
DA:11,0
DA:12,0
DA:18,2
DA:19,2
DA:20,2
DA:24,1
DA:28,3
DA:29,3
DA:30,3
DA:31,3
DA:32,3
DA:33,3
DA:56,1
DA:57,1
DA:69,3
DA:86,1
DA:94,1
LF:18
LH:15
BRDA:35,0,0,3
BRDA:35,0,1,3
BRDA:69,1,0,3
BRDA:69,1,1,0
BRF:4
BRH:3
end_of_record
TN:
SF:C:\Users\Mihai\source\OOP\PokerPlanning\src\components\session\storyDescription.jsx
FN:7,(anonymous_0)
FN:13,(anonymous_1)
FN:17,(anonymous_2)
FN:29,(anonymous_3)
FN:33,(anonymous_4)
FN:45,(anonymous_5)
FN:53,(anonymous_6)
FNF:7
FNH:4
FNDA:6,(anonymous_0)
FNDA:0,(anonymous_1)
FNDA:8,(anonymous_2)
FNDA:1,(anonymous_3)
FNDA:0,(anonymous_4)
FNDA:1,(anonymous_5)
FNDA:0,(anonymous_6)
DA:8,6
DA:9,6
DA:10,6
DA:14,0
DA:18,8
DA:19,8
DA:20,8
DA:21,8
DA:22,8
DA:24,8
DA:30,1
DA:31,1
DA:34,0
DA:46,1
DA:51,0
DA:54,0
DA:77,2
LF:17
LH:13
BRDA:43,0,0,8
BRDA:43,0,1,5
BRDA:46,1,0,0
BRDA:46,1,1,1
BRDA:63,2,0,8
BRDA:63,2,1,1
BRF:6
BRH:5
end_of_record
TN:
SF:C:\Users\Mihai\source\OOP\PokerPlanning\src\components\session\storyModal.jsx
FN:6,mapDispatchToProps
FN:8,(anonymous_1)
FN:13,(anonymous_2)
FN:19,(anonymous_3)
FN:23,(anonymous_4)
FN:48,(anonymous_5)
FN:60,(anonymous_6)
FN:73,(anonymous_7)
FN:77,(anonymous_8)
FN:81,(anonymous_9)
FNF:10
FNH:6
FNDA:0,mapDispatchToProps
FNDA:0,(anonymous_1)
FNDA:3,(anonymous_2)
FNDA:1,(anonymous_3)
FNDA:4,(anonymous_4)
FNDA:1,(anonymous_5)
FNDA:0,(anonymous_6)
FNDA:4,(anonymous_7)
FNDA:1,(anonymous_8)
FNDA:0,(anonymous_9)
DA:7,0
DA:8,0
DA:14,3
DA:15,3
DA:16,3
DA:20,1
DA:24,4
DA:25,4
DA:26,4
DA:27,4
DA:28,4
DA:30,4
DA:49,1
DA:50,1
DA:51,1
DA:52,1
DA:61,0
DA:62,0
DA:73,3
DA:74,4
DA:78,1
DA:79,1
DA:82,0
DA:93,3
DA:99,3
DA:103,3
DA:111,3
LF:27
LH:22
BRF:0
BRH:0
end_of_record
TN:
SF:C:\Users\Mihai\source\OOP\PokerPlanning\src\components\session\storyNew.jsx
FN:5,(anonymous_0)
FN:11,(anonymous_1)
FN:18,(anonymous_2)
FN:22,(anonymous_3)
FN:40,(anonymous_4)
FN:50,(anonymous_5)
FN:61,(anonymous_6)
FNF:7
FNH:6
FNDA:5,(anonymous_0)
FNDA:2,(anonymous_1)
FNDA:2,(anonymous_2)
FNDA:10,(anonymous_3)
FNDA:1,(anonymous_4)
FNDA:1,(anonymous_5)
FNDA:0,(anonymous_6)
DA:6,5
DA:7,5
DA:8,5
DA:12,2
DA:13,2
DA:14,2
DA:15,2
DA:19,2
DA:23,10
DA:24,10
DA:25,10
DA:41,1
DA:42,1
DA:51,1
DA:52,1
DA:53,1
DA:62,0
DA:63,0
DA:74,2
LF:19
LH:17
BRF:0
BRH:0
end_of_record
TN:
SF:C:\Users\Mihai\source\OOP\PokerPlanning\src\components\session\header\header.jsx
FN:6,(anonymous_0)
FNF:1
FNH:1
FNDA:1,(anonymous_0)
DA:6,1
DA:7,1
DA:13,1
LF:3
LH:3
BRF:0
BRH:0
end_of_record
TN:
SF:C:\Users\Mihai\source\OOP\PokerPlanning\src\components\session\header\logedUser.jsx
FN:4,(anonymous_0)
FNF:1
FNH:1
FNDA:2,(anonymous_0)
DA:4,2
DA:5,2
DA:11,2
LF:3
LH:3
BRF:0
BRH:0
end_of_record
TN:
SF:C:\Users\Mihai\source\OOP\PokerPlanning\src\components\session\header\logo.jsx
FN:3,(anonymous_0)
FNF:1
FNH:0
FNDA:0,(anonymous_0)
DA:3,1
LF:1
LH:1
BRF:0
BRH:0
end_of_record
TN:
SF:C:\Users\Mihai\source\OOP\PokerPlanning\src\components\session\pokerBets\chat.jsx
FN:6,mapDispatchToProps
FN:8,(anonymous_1)
FN:12,(anonymous_2)
FN:34,(anonymous_3)
FN:44,(anonymous_4)
FN:48,(anonymous_5)
FN:57,(anonymous_6)
FN:81,(anonymous_7)
FN:84,(anonymous_8)
FNF:9
FNH:7
FNDA:0,mapDispatchToProps
FNDA:0,(anonymous_1)
FNDA:2,(anonymous_2)
FNDA:2,(anonymous_3)
FNDA:1,(anonymous_4)
FNDA:1,(anonymous_5)
FNDA:4,(anonymous_6)
FNDA:2,(anonymous_7)
FNDA:4,(anonymous_8)
DA:7,0
DA:8,0
DA:12,2
DA:13,2
DA:19,2
DA:27,2
DA:35,2
DA:37,2
DA:40,2
DA:41,2
DA:45,1
DA:49,1
DA:50,1
DA:51,1
DA:52,1
DA:53,1
DA:54,1
DA:58,4
DA:59,4
DA:76,2
DA:81,2
DA:82,2
DA:85,4
DA:91,2
LF:24
LH:22
BRF:0
BRH:0
end_of_record
TN:
SF:C:\Users\Mihai\source\OOP\PokerPlanning\src\components\session\pokerBets\gameControls.jsx
FN:6,(anonymous_0)
FN:7,(anonymous_1)
FN:8,(anonymous_2)
FN:9,(anonymous_3)
FN:10,(anonymous_4)
FN:11,(anonymous_5)
FN:14,(anonymous_6)
FN:20,(anonymous_7)
FN:31,(anonymous_8)
FN:36,(anonymous_9)
FN:46,(anonymous_10)
FN:51,(anonymous_11)
FN:62,(anonymous_12)
FN:67,(anonymous_13)
FN:78,(anonymous_14)
FN:83,(anonymous_15)
FN:94,(anonymous_16)
FN:99,(anonymous_17)
FN:108,(anonymous_18)
FNF:19
FNH:11
FNDA:0,(anonymous_0)
FNDA:0,(anonymous_1)
FNDA:0,(anonymous_2)
FNDA:0,(anonymous_3)
FNDA:0,(anonymous_4)
FNDA:0,(anonymous_5)
FNDA:7,(anonymous_6)
FNDA:1,(anonymous_7)
FNDA:3,(anonymous_8)
FNDA:0,(anonymous_9)
FNDA:2,(anonymous_10)
FNDA:1,(anonymous_11)
FNDA:7,(anonymous_12)
FNDA:1,(anonymous_13)
FNDA:5,(anonymous_14)
FNDA:1,(anonymous_15)
FNDA:7,(anonymous_16)
FNDA:0,(anonymous_17)
FNDA:14,(anonymous_18)
DA:6,2
DA:7,0
DA:8,0
DA:9,0
DA:10,0
DA:11,0
DA:14,2
DA:15,7
DA:21,1
DA:22,1
DA:31,2
DA:32,3
DA:37,0
DA:38,0
DA:46,2
DA:47,2
DA:52,1
DA:53,1
DA:54,1
DA:62,2
DA:63,7
DA:68,1
DA:69,1
DA:70,1
DA:78,2
DA:79,5
DA:84,1
DA:85,1
DA:86,1
DA:94,2
DA:95,7
DA:100,0
DA:108,2
DA:119,14
DA:137,2
DA:143,2
DA:158,2
LF:37
LH:29
BRDA:121,0,0,7
BRDA:121,0,1,7
BRDA:125,1,0,3
BRDA:125,1,1,4
BRDA:127,2,0,4
BRDA:127,2,1,2
BRDA:129,3,0,7
BRDA:129,3,1,5
BRF:8
BRH:8
end_of_record
TN:
SF:C:\Users\Mihai\source\OOP\PokerPlanning\src\components\session\pokerBets\members.jsx
FN:4,(anonymous_0)
FN:6,(anonymous_1)
FN:16,(anonymous_2)
FNF:3
FNH:3
FNDA:7,(anonymous_0)
FNDA:14,(anonymous_1)
FNDA:2,(anonymous_2)
DA:4,2
DA:5,7
DA:7,14
DA:16,2
DA:27,2
LF:5
LH:5
BRDA:11,0,0,10
BRDA:11,0,1,4
BRDA:12,1,0,10
BRDA:12,1,1,5
BRDA:15,2,0,2
BRDA:15,2,1,2
BRF:6
BRH:6
end_of_record
TN:
SF:C:\Users\Mihai\source\OOP\PokerPlanning\src\components\session\pokerBets\pokerBets.jsx
FN:10,(anonymous_0)
FN:22,(anonymous_1)
FN:29,(anonymous_2)
FN:33,(anonymous_3)
FN:37,(anonymous_4)
FN:43,(anonymous_5)
FNF:6
FNH:6
FNDA:6,(anonymous_0)
FNDA:23,(anonymous_1)
FNDA:14,(anonymous_2)
FNDA:3,(anonymous_3)
FNDA:16,(anonymous_4)
FNDA:29,(anonymous_5)
DA:11,6
DA:12,6
DA:17,6
DA:18,6
DA:19,6
DA:23,23
DA:24,23
DA:25,7
DA:30,14
DA:34,3
DA:38,16
DA:39,16
DA:40,16
DA:44,29
DA:45,29
DA:46,29
DA:48,29
DA:49,29
DA:51,29
DA:80,1
LF:20
LH:20
BRDA:24,0,0,7
BRDA:24,0,1,16
BRDA:30,1,0,7
BRDA:30,1,1,7
BRDA:63,2,0,27
BRDA:63,2,1,2
BRDA:64,3,0,16
BRDA:64,3,1,13
BRF:8
BRH:8
end_of_record
TN:
SF:C:\Users\Mihai\source\OOP\PokerPlanning\src\components\session\pokerBets\statusMessage.jsx
FN:4,(anonymous_0)
FN:5,(anonymous_1)
FNF:2
FNH:2
FNDA:7,(anonymous_0)
FNDA:7,(anonymous_1)
DA:4,2
DA:5,7
DA:6,7
DA:29,2
DA:41,2
LF:5
LH:5
BRDA:8,0,0,2
BRDA:8,0,1,5
BRDA:12,1,0,3
BRDA:12,1,1,2
BRDA:12,2,0,5
BRDA:12,2,1,5
BRDA:16,3,0,1
BRDA:16,3,1,1
BRF:8
BRH:8
end_of_record
TN:
SF:C:\Users\Mihai\source\OOP\PokerPlanning\src\components\session\pokerTable\card.jsx
FN:7,(anonymous_0)
FN:8,(anonymous_1)
FN:15,(anonymous_2)
FN:19,(anonymous_3)
FN:30,(anonymous_4)
FNF:5
FNH:2
FNDA:0,(anonymous_0)
FNDA:0,(anonymous_1)
FNDA:0,(anonymous_2)
FNDA:2,(anonymous_3)
FNDA:1,(anonymous_4)
DA:7,1
DA:9,0
DA:15,1
DA:16,0
DA:19,1
DA:20,2
DA:31,1
DA:32,1
DA:38,1
DA:45,1
DA:49,1
LF:11
LH:9
BRDA:9,0,0,0
BRDA:9,0,1,0
BRF:2
BRH:0
end_of_record
TN:
SF:C:\Users\Mihai\source\OOP\PokerPlanning\src\reducers\logReducer.js
FN:14,(anonymous_0)
FN:35,(anonymous_1)
FN:41,(anonymous_2)
FNF:3
FNH:3
FNDA:5,(anonymous_0)
FNDA:2,(anonymous_1)
FNDA:3,(anonymous_2)
DA:10,1
DA:15,5
DA:16,1
DA:18,4
DA:19,1
DA:21,3
DA:22,1
DA:23,1
DA:30,2
DA:31,1
DA:32,1
DA:33,1
DA:35,2
DA:38,1
DA:39,1
DA:41,3
DA:45,0
DA:46,0
DA:52,0
LF:19
LH:16
BRDA:14,0,0,0
BRDA:15,1,0,1
BRDA:15,1,1,4
BRDA:18,2,0,1
BRDA:18,2,1,3
BRDA:21,3,0,1
BRDA:21,3,1,2
BRDA:30,4,0,1
BRDA:30,4,1,1
BRDA:35,5,0,1
BRDA:35,5,1,1
BRDA:38,6,0,1
BRDA:38,6,1,0
BRDA:45,7,0,0
BRDA:45,7,1,0
BRF:15
BRH:11
end_of_record
TN:
SF:C:\Users\Mihai\source\OOP\PokerPlanning\src\reducers\mesaggesReducer.js
FN:7,(anonymous_0)
FNF:1
FNH:1
FNDA:2,(anonymous_0)
DA:3,1
DA:8,2
DA:9,1
DA:13,1
DA:19,1
DA:20,1
DA:25,1
DA:32,0
LF:8
LH:7
BRDA:7,0,0,0
BRDA:8,1,0,1
BRDA:8,1,1,1
BRDA:19,2,0,1
BRDA:19,2,1,0
BRF:5
BRH:3
end_of_record
TN:
SF:C:\Users\Mihai\source\OOP\PokerPlanning\src\reducers\voteReducer.js
FN:7,(anonymous_0)
FN:11,(anonymous_1)
FN:23,(anonymous_2)
FNF:3
FNH:3
FNDA:5,(anonymous_0)
FNDA:2,(anonymous_1)
FNDA:1,(anonymous_2)
DA:3,1
DA:8,5
DA:9,2
DA:10,2
DA:11,2
DA:12,2
DA:16,2
DA:17,1
DA:22,1
DA:23,1
DA:24,1
DA:27,3
DA:28,1
DA:31,2
DA:32,1
DA:35,1
DA:36,1
DA:39,0
LF:18
LH:17
BRDA:7,0,0,0
BRDA:8,1,0,2
BRDA:8,1,1,3
BRDA:16,2,0,1
BRDA:16,2,1,1
BRDA:27,3,0,1
BRDA:27,3,1,2
BRDA:31,4,0,1
BRDA:31,4,1,1
BRDA:35,5,0,1
BRDA:35,5,1,0
BRF:11
BRH:9
end_of_record
